{"/Users/laxmipriyadharshini/Documents/CMU /The Purpose/Implementation/Resources_impl/steel_smiling_project/app.js":{"path":"/Users/laxmipriyadharshini/Documents/CMU /The Purpose/Implementation/Resources_impl/steel_smiling_project/app.js","statementMap":{"0":{"start":{"line":1,"column":14},"end":{"line":1,"column":32}},"1":{"start":{"line":2,"column":11},"end":{"line":2,"column":26}},"2":{"start":{"line":3,"column":14},"end":{"line":3,"column":38}},"3":{"start":{"line":4,"column":13},"end":{"line":4,"column":30}},"4":{"start":{"line":5,"column":19},"end":{"line":5,"column":43}},"5":{"start":{"line":6,"column":17},"end":{"line":6,"column":39}},"6":{"start":{"line":7,"column":13},"end":{"line":7,"column":32}},"7":{"start":{"line":8,"column":12},"end":{"line":8,"column":36}},"8":{"start":{"line":9,"column":16},"end":{"line":9,"column":44}},"9":{"start":{"line":10,"column":15},"end":{"line":10,"column":34}},"10":{"start":{"line":11,"column":20},"end":{"line":11,"column":54}},"11":{"start":{"line":12,"column":13},"end":{"line":12,"column":30}},"12":{"start":{"line":15,"column":13},"end":{"line":15,"column":37}},"13":{"start":{"line":22,"column":14},"end":{"line":22,"column":40}},"14":{"start":{"line":24,"column":15},"end":{"line":24,"column":34}},"15":{"start":{"line":25,"column":17},"end":{"line":25,"column":50}},"16":{"start":{"line":26,"column":15},"end":{"line":26,"column":53}},"17":{"start":{"line":33,"column":0},"end":{"line":33,"column":57}},"18":{"start":{"line":34,"column":0},"end":{"line":34,"column":34}},"19":{"start":{"line":36,"column":9},"end":{"line":36,"column":28}},"20":{"start":{"line":38,"column":0},"end":{"line":38,"column":65}},"21":{"start":{"line":39,"column":1},"end":{"line":41,"column":4}},"22":{"start":{"line":40,"column":3},"end":{"line":40,"column":34}},"23":{"start":{"line":43,"column":0},"end":{"line":43,"column":29}},"24":{"start":{"line":49,"column":10},"end":{"line":49,"column":19}},"25":{"start":{"line":51,"column":0},"end":{"line":51,"column":43}},"26":{"start":{"line":54,"column":0},"end":{"line":54,"column":25}},"27":{"start":{"line":55,"column":0},"end":{"line":55,"column":30}},"28":{"start":{"line":61,"column":0},"end":{"line":66,"column":4}},"29":{"start":{"line":72,"column":0},"end":{"line":72,"column":31}},"30":{"start":{"line":73,"column":0},"end":{"line":73,"column":28}},"31":{"start":{"line":81,"column":0},"end":{"line":118,"column":4}},"32":{"start":{"line":83,"column":22},"end":{"line":83,"column":38}},"33":{"start":{"line":84,"column":18},"end":{"line":84,"column":35}},"34":{"start":{"line":85,"column":20},"end":{"line":85,"column":24}},"35":{"start":{"line":87,"column":4},"end":{"line":89,"column":5}},"36":{"start":{"line":88,"column":6},"end":{"line":88,"column":49}},"37":{"start":{"line":90,"column":4},"end":{"line":94,"column":6}},"38":{"start":{"line":100,"column":6},"end":{"line":113,"column":9}},"39":{"start":{"line":102,"column":10},"end":{"line":111,"column":13}},"40":{"start":{"line":104,"column":14},"end":{"line":104,"column":32}},"41":{"start":{"line":104,"column":22},"end":{"line":104,"column":32}},"42":{"start":{"line":106,"column":14},"end":{"line":108,"column":15}},"43":{"start":{"line":107,"column":16},"end":{"line":107,"column":32}},"44":{"start":{"line":110,"column":14},"end":{"line":110,"column":31}},"45":{"start":{"line":128,"column":0},"end":{"line":128,"column":27}},"46":{"start":{"line":129,"column":0},"end":{"line":129,"column":52}},"47":{"start":{"line":130,"column":0},"end":{"line":130,"column":24}},"48":{"start":{"line":131,"column":0},"end":{"line":131,"column":56}},"49":{"start":{"line":132,"column":0},"end":{"line":132,"column":17}},"50":{"start":{"line":134,"column":0},"end":{"line":140,"column":3}},"51":{"start":{"line":135,"column":2},"end":{"line":135,"column":40}},"52":{"start":{"line":136,"column":2},"end":{"line":136,"column":44}},"53":{"start":{"line":137,"column":2},"end":{"line":137,"column":29}},"54":{"start":{"line":138,"column":2},"end":{"line":138,"column":52}},"55":{"start":{"line":138,"column":15},"end":{"line":138,"column":52}},"56":{"start":{"line":139,"column":2},"end":{"line":139,"column":9}},"57":{"start":{"line":143,"column":12},"end":{"line":143,"column":37}},"58":{"start":{"line":144,"column":12},"end":{"line":144,"column":37}},"59":{"start":{"line":145,"column":13},"end":{"line":145,"column":39}},"60":{"start":{"line":146,"column":13},"end":{"line":146,"column":39}},"61":{"start":{"line":147,"column":12},"end":{"line":147,"column":36}},"62":{"start":{"line":148,"column":15},"end":{"line":148,"column":39}},"63":{"start":{"line":149,"column":15},"end":{"line":149,"column":43}},"64":{"start":{"line":150,"column":21},"end":{"line":150,"column":55}},"65":{"start":{"line":153,"column":0},"end":{"line":153,"column":20}},"66":{"start":{"line":154,"column":0},"end":{"line":154,"column":20}},"67":{"start":{"line":155,"column":0},"end":{"line":155,"column":21}},"68":{"start":{"line":156,"column":0},"end":{"line":156,"column":20}},"69":{"start":{"line":157,"column":0},"end":{"line":157,"column":19}},"70":{"start":{"line":158,"column":0},"end":{"line":158,"column":23}},"71":{"start":{"line":159,"column":0},"end":{"line":159,"column":23}},"72":{"start":{"line":160,"column":0},"end":{"line":160,"column":29}},"73":{"start":{"line":164,"column":0},"end":{"line":169,"column":3}},"74":{"start":{"line":166,"column":12},"end":{"line":166,"column":34}},"75":{"start":{"line":167,"column":2},"end":{"line":167,"column":19}},"76":{"start":{"line":168,"column":2},"end":{"line":168,"column":12}},"77":{"start":{"line":172,"column":0},"end":{"line":180,"column":3}},"78":{"start":{"line":174,"column":2},"end":{"line":174,"column":35}},"79":{"start":{"line":175,"column":2},"end":{"line":175,"column":69}},"80":{"start":{"line":176,"column":2},"end":{"line":176,"column":19}},"81":{"start":{"line":178,"column":2},"end":{"line":178,"column":32}},"82":{"start":{"line":179,"column":2},"end":{"line":179,"column":55}},"83":{"start":{"line":182,"column":0},"end":{"line":184,"column":3}},"84":{"start":{"line":183,"column":1},"end":{"line":183,"column":59}},"85":{"start":{"line":186,"column":0},"end":{"line":186,"column":21}}},"fnMap":{"0":{"name":"(anonymous_0)","decl":{"start":{"line":39,"column":17},"end":{"line":39,"column":18}},"loc":{"start":{"line":39,"column":28},"end":{"line":41,"column":2}},"line":39},"1":{"name":"(anonymous_1)","decl":{"start":{"line":82,"column":18},"end":{"line":82,"column":19}},"loc":{"start":{"line":82,"column":46},"end":{"line":95,"column":3}},"line":82},"2":{"name":"(anonymous_2)","decl":{"start":{"line":98,"column":20},"end":{"line":98,"column":21}},"loc":{"start":{"line":98,"column":35},"end":{"line":115,"column":5}},"line":98},"3":{"name":"(anonymous_3)","decl":{"start":{"line":100,"column":25},"end":{"line":100,"column":26}},"loc":{"start":{"line":100,"column":49},"end":{"line":113,"column":7}},"line":100},"4":{"name":"(anonymous_4)","decl":{"start":{"line":102,"column":39},"end":{"line":102,"column":40}},"loc":{"start":{"line":102,"column":53},"end":{"line":111,"column":11}},"line":102},"5":{"name":"(anonymous_5)","decl":{"start":{"line":134,"column":8},"end":{"line":134,"column":9}},"loc":{"start":{"line":134,"column":33},"end":{"line":140,"column":1}},"line":134},"6":{"name":"(anonymous_6)","decl":{"start":{"line":164,"column":8},"end":{"line":164,"column":9}},"loc":{"start":{"line":164,"column":33},"end":{"line":169,"column":1}},"line":164},"7":{"name":"(anonymous_7)","decl":{"start":{"line":172,"column":8},"end":{"line":172,"column":9}},"loc":{"start":{"line":172,"column":38},"end":{"line":180,"column":1}},"line":172},"8":{"name":"(anonymous_8)","decl":{"start":{"line":182,"column":27},"end":{"line":182,"column":28}},"loc":{"start":{"line":182,"column":37},"end":{"line":184,"column":1}},"line":182}},"branchMap":{"0":{"loc":{"start":{"line":51,"column":16},"end":{"line":51,"column":40}},"type":"binary-expr","locations":[{"start":{"line":51,"column":16},"end":{"line":51,"column":32}},{"start":{"line":51,"column":36},"end":{"line":51,"column":40}}],"line":51},"1":{"loc":{"start":{"line":104,"column":14},"end":{"line":104,"column":32}},"type":"if","locations":[{"start":{"line":104,"column":14},"end":{"line":104,"column":32}},{"start":{"line":104,"column":14},"end":{"line":104,"column":32}}],"line":104},"2":{"loc":{"start":{"line":106,"column":14},"end":{"line":108,"column":15}},"type":"if","locations":[{"start":{"line":106,"column":14},"end":{"line":108,"column":15}},{"start":{"line":106,"column":14},"end":{"line":108,"column":15}}],"line":106},"3":{"loc":{"start":{"line":138,"column":2},"end":{"line":138,"column":52}},"type":"if","locations":[{"start":{"line":138,"column":2},"end":{"line":138,"column":52}},{"start":{"line":138,"column":2},"end":{"line":138,"column":52}}],"line":138},"4":{"loc":{"start":{"line":175,"column":21},"end":{"line":175,"column":68}},"type":"cond-expr","locations":[{"start":{"line":175,"column":60},"end":{"line":175,"column":63}},{"start":{"line":175,"column":66},"end":{"line":175,"column":68}}],"line":175},"5":{"loc":{"start":{"line":178,"column":13},"end":{"line":178,"column":30}},"type":"binary-expr","locations":[{"start":{"line":178,"column":13},"end":{"line":178,"column":23}},{"start":{"line":178,"column":27},"end":{"line":178,"column":30}}],"line":178}},"s":{"0":1,"1":1,"2":1,"3":1,"4":1,"5":1,"6":1,"7":1,"8":1,"9":1,"10":1,"11":1,"12":1,"13":1,"14":1,"15":1,"16":1,"17":1,"18":1,"19":1,"20":1,"21":1,"22":1,"23":1,"24":1,"25":1,"26":1,"27":1,"28":1,"29":1,"30":1,"31":1,"32":0,"33":0,"34":0,"35":0,"36":0,"37":0,"38":0,"39":0,"40":0,"41":0,"42":0,"43":0,"44":0,"45":1,"46":1,"47":1,"48":1,"49":1,"50":1,"51":14,"52":14,"53":14,"54":14,"55":13,"56":14,"57":1,"58":1,"59":1,"60":1,"61":1,"62":1,"63":1,"64":1,"65":1,"66":1,"67":1,"68":1,"69":1,"70":1,"71":1,"72":1,"73":1,"74":4,"75":4,"76":4,"77":1,"78":7,"79":7,"80":7,"81":7,"82":7,"83":1,"84":1,"85":1},"f":{"0":1,"1":0,"2":0,"3":0,"4":0,"5":14,"6":4,"7":7,"8":1},"b":{"0":[1,1],"1":[0,0],"2":[0,0],"3":[13,1],"4":[7,0],"5":[7,3]},"_coverageSchema":"d34fc3e6b8297bcde183f5492bcb8fcb36775295","hash":"27a6155ea8c38361afb2e3c313feb974fcfc99c2","contentHash":"184a5d748a0660a153ad8058782aed66"},"/Users/laxmipriyadharshini/Documents/CMU /The Purpose/Implementation/Resources_impl/steel_smiling_project/models/user.js":{"path":"/Users/laxmipriyadharshini/Documents/CMU /The Purpose/Implementation/Resources_impl/steel_smiling_project/models/user.js","statementMap":{"0":{"start":{"line":1,"column":15},"end":{"line":1,"column":34}},"1":{"start":{"line":2,"column":15},"end":{"line":2,"column":30}},"2":{"start":{"line":5,"column":17},"end":{"line":29,"column":2}},"3":{"start":{"line":32,"column":11},"end":{"line":32,"column":44}},"4":{"start":{"line":34,"column":0},"end":{"line":34,"column":22}}},"fnMap":{},"branchMap":{},"s":{"0":1,"1":1,"2":1,"3":1,"4":1},"f":{},"b":{},"_coverageSchema":"d34fc3e6b8297bcde183f5492bcb8fcb36775295","hash":"7d25f5a6f5ffd7b4632cb74a73eb8422536f069b","contentHash":"b6fdd20e7dd125b90c0397e9570ab5f5"},"/Users/laxmipriyadharshini/Documents/CMU /The Purpose/Implementation/Resources_impl/steel_smiling_project/secure/passport.js":{"path":"/Users/laxmipriyadharshini/Documents/CMU /The Purpose/Implementation/Resources_impl/steel_smiling_project/secure/passport.js","statementMap":{"0":{"start":{"line":1,"column":15},"end":{"line":1,"column":34}},"1":{"start":{"line":2,"column":20},"end":{"line":2,"column":54}},"2":{"start":{"line":3,"column":23},"end":{"line":3,"column":60}},"3":{"start":{"line":4,"column":21},"end":{"line":4,"column":64}},"4":{"start":{"line":5,"column":13},"end":{"line":5,"column":32}},"5":{"start":{"line":7,"column":11},"end":{"line":7,"column":36}},"6":{"start":{"line":8,"column":11},"end":{"line":8,"column":33}},"7":{"start":{"line":9,"column":11},"end":{"line":9,"column":26}},"8":{"start":{"line":10,"column":14},"end":{"line":10,"column":42}},"9":{"start":{"line":13,"column":0},"end":{"line":15,"column":3}},"10":{"start":{"line":14,"column":4},"end":{"line":14,"column":21}},"11":{"start":{"line":17,"column":0},"end":{"line":19,"column":3}},"12":{"start":{"line":18,"column":2},"end":{"line":18,"column":19}},"13":{"start":{"line":23,"column":0},"end":{"line":41,"column":4}},"14":{"start":{"line":29,"column":1},"end":{"line":38,"column":6}},"15":{"start":{"line":31,"column":4},"end":{"line":35,"column":3}},"16":{"start":{"line":32,"column":3},"end":{"line":32,"column":26}},"17":{"start":{"line":34,"column":5},"end":{"line":34,"column":75}},"18":{"start":{"line":37,"column":4},"end":{"line":37,"column":71}},"19":{"start":{"line":48,"column":0},"end":{"line":78,"column":3}},"20":{"start":{"line":57,"column":1},"end":{"line":75,"column":6}},"21":{"start":{"line":59,"column":4},"end":{"line":71,"column":3}},"22":{"start":{"line":60,"column":3},"end":{"line":60,"column":26}},"23":{"start":{"line":63,"column":17},"end":{"line":63,"column":27}},"24":{"start":{"line":64,"column":4},"end":{"line":64,"column":48}},"25":{"start":{"line":65,"column":4},"end":{"line":65,"column":36}},"26":{"start":{"line":66,"column":4},"end":{"line":66,"column":46}},"27":{"start":{"line":67,"column":4},"end":{"line":70,"column":7}},"28":{"start":{"line":68,"column":5},"end":{"line":68,"column":23}},"29":{"start":{"line":68,"column":13},"end":{"line":68,"column":23}},"30":{"start":{"line":69,"column":5},"end":{"line":69,"column":31}},"31":{"start":{"line":74,"column":5},"end":{"line":74,"column":72}},"32":{"start":{"line":86,"column":0},"end":{"line":113,"column":3}},"33":{"start":{"line":92,"column":1},"end":{"line":111,"column":6}},"34":{"start":{"line":94,"column":4},"end":{"line":107,"column":3}},"35":{"start":{"line":95,"column":3},"end":{"line":95,"column":26}},"36":{"start":{"line":97,"column":17},"end":{"line":97,"column":27}},"37":{"start":{"line":98,"column":4},"end":{"line":98,"column":48}},"38":{"start":{"line":99,"column":4},"end":{"line":99,"column":48}},"39":{"start":{"line":100,"column":4},"end":{"line":100,"column":34}},"40":{"start":{"line":101,"column":4},"end":{"line":101,"column":50}},"41":{"start":{"line":103,"column":4},"end":{"line":106,"column":7}},"42":{"start":{"line":104,"column":5},"end":{"line":104,"column":23}},"43":{"start":{"line":104,"column":13},"end":{"line":104,"column":23}},"44":{"start":{"line":105,"column":5},"end":{"line":105,"column":31}},"45":{"start":{"line":110,"column":5},"end":{"line":110,"column":72}}},"fnMap":{"0":{"name":"(anonymous_0)","decl":{"start":{"line":13,"column":23},"end":{"line":13,"column":24}},"loc":{"start":{"line":13,"column":44},"end":{"line":15,"column":1}},"line":13},"1":{"name":"(anonymous_1)","decl":{"start":{"line":17,"column":25},"end":{"line":17,"column":26}},"loc":{"start":{"line":17,"column":46},"end":{"line":19,"column":1}},"line":17},"2":{"name":"(anonymous_2)","decl":{"start":{"line":27,"column":2},"end":{"line":27,"column":3}},"loc":{"start":{"line":27,"column":31},"end":{"line":41,"column":1}},"line":27},"3":{"name":"(anonymous_3)","decl":{"start":{"line":30,"column":9},"end":{"line":30,"column":10}},"loc":{"start":{"line":30,"column":23},"end":{"line":36,"column":4}},"line":30},"4":{"name":"(anonymous_4)","decl":{"start":{"line":36,"column":12},"end":{"line":36,"column":13}},"loc":{"start":{"line":36,"column":25},"end":{"line":38,"column":4}},"line":36},"5":{"name":"(anonymous_5)","decl":{"start":{"line":54,"column":2},"end":{"line":54,"column":3}},"loc":{"start":{"line":54,"column":49},"end":{"line":77,"column":4}},"line":54},"6":{"name":"(anonymous_6)","decl":{"start":{"line":58,"column":9},"end":{"line":58,"column":10}},"loc":{"start":{"line":58,"column":23},"end":{"line":72,"column":4}},"line":58},"7":{"name":"(anonymous_7)","decl":{"start":{"line":67,"column":17},"end":{"line":67,"column":18}},"loc":{"start":{"line":67,"column":26},"end":{"line":70,"column":5}},"line":67},"8":{"name":"(anonymous_8)","decl":{"start":{"line":73,"column":10},"end":{"line":73,"column":11}},"loc":{"start":{"line":73,"column":23},"end":{"line":75,"column":4}},"line":73},"9":{"name":"(anonymous_9)","decl":{"start":{"line":91,"column":2},"end":{"line":91,"column":3}},"loc":{"start":{"line":91,"column":57},"end":{"line":112,"column":3}},"line":91},"10":{"name":"(anonymous_10)","decl":{"start":{"line":93,"column":9},"end":{"line":93,"column":10}},"loc":{"start":{"line":93,"column":23},"end":{"line":108,"column":4}},"line":93},"11":{"name":"(anonymous_11)","decl":{"start":{"line":103,"column":17},"end":{"line":103,"column":18}},"loc":{"start":{"line":103,"column":26},"end":{"line":106,"column":5}},"line":103},"12":{"name":"(anonymous_12)","decl":{"start":{"line":109,"column":10},"end":{"line":109,"column":11}},"loc":{"start":{"line":109,"column":23},"end":{"line":111,"column":4}},"line":109}},"branchMap":{"0":{"loc":{"start":{"line":31,"column":4},"end":{"line":35,"column":3}},"type":"if","locations":[{"start":{"line":31,"column":4},"end":{"line":35,"column":3}},{"start":{"line":31,"column":4},"end":{"line":35,"column":3}}],"line":31},"1":{"loc":{"start":{"line":59,"column":4},"end":{"line":71,"column":3}},"type":"if","locations":[{"start":{"line":59,"column":4},"end":{"line":71,"column":3}},{"start":{"line":59,"column":4},"end":{"line":71,"column":3}}],"line":59},"2":{"loc":{"start":{"line":68,"column":5},"end":{"line":68,"column":23}},"type":"if","locations":[{"start":{"line":68,"column":5},"end":{"line":68,"column":23}},{"start":{"line":68,"column":5},"end":{"line":68,"column":23}}],"line":68},"3":{"loc":{"start":{"line":94,"column":4},"end":{"line":107,"column":3}},"type":"if","locations":[{"start":{"line":94,"column":4},"end":{"line":107,"column":3}},{"start":{"line":94,"column":4},"end":{"line":107,"column":3}}],"line":94},"4":{"loc":{"start":{"line":104,"column":5},"end":{"line":104,"column":23}},"type":"if","locations":[{"start":{"line":104,"column":5},"end":{"line":104,"column":23}},{"start":{"line":104,"column":5},"end":{"line":104,"column":23}}],"line":104}},"s":{"0":1,"1":1,"2":1,"3":1,"4":1,"5":1,"6":1,"7":1,"8":1,"9":1,"10":0,"11":1,"12":23,"13":1,"14":0,"15":0,"16":0,"17":0,"18":0,"19":1,"20":0,"21":0,"22":0,"23":0,"24":0,"25":0,"26":0,"27":0,"28":0,"29":0,"30":0,"31":0,"32":1,"33":0,"34":0,"35":0,"36":0,"37":0,"38":0,"39":0,"40":0,"41":0,"42":0,"43":0,"44":0,"45":0},"f":{"0":0,"1":23,"2":0,"3":0,"4":0,"5":0,"6":0,"7":0,"8":0,"9":0,"10":0,"11":0,"12":0},"b":{"0":[0,0],"1":[0,0],"2":[0,0],"3":[0,0],"4":[0,0]},"_coverageSchema":"d34fc3e6b8297bcde183f5492bcb8fcb36775295","hash":"b960014eb7601c10f2dad8bcd26de0fae5244038","contentHash":"0a7517cf310daf54aa357c3eda731e1e"},"/Users/laxmipriyadharshini/Documents/CMU /The Purpose/Implementation/Resources_impl/steel_smiling_project/secure/smtp-cred.js":{"path":"/Users/laxmipriyadharshini/Documents/CMU /The Purpose/Implementation/Resources_impl/steel_smiling_project/secure/smtp-cred.js","statementMap":{"0":{"start":{"line":1,"column":10},"end":{"line":8,"column":1}},"1":{"start":{"line":10,"column":0},"end":{"line":10,"column":21}}},"fnMap":{},"branchMap":{},"s":{"0":1,"1":1},"f":{},"b":{},"_coverageSchema":"d34fc3e6b8297bcde183f5492bcb8fcb36775295","hash":"b102315d939ac6e07903273f12481833ac1319b3","contentHash":"dce9def5a62db672ce104d005cf94241"},"/Users/laxmipriyadharshini/Documents/CMU /The Purpose/Implementation/Resources_impl/steel_smiling_project/secure/db.js":{"path":"/Users/laxmipriyadharshini/Documents/CMU /The Purpose/Implementation/Resources_impl/steel_smiling_project/secure/db.js","statementMap":{"0":{"start":{"line":6,"column":1},"end":{"line":14,"column":4}},"1":{"start":{"line":8,"column":2},"end":{"line":12,"column":5}},"2":{"start":{"line":9,"column":3},"end":{"line":9,"column":24}},"3":{"start":{"line":9,"column":12},"end":{"line":9,"column":24}},"4":{"start":{"line":10,"column":3},"end":{"line":10,"column":26}},"5":{"start":{"line":10,"column":12},"end":{"line":10,"column":26}},"6":{"start":{"line":11,"column":3},"end":{"line":11,"column":20}},"7":{"start":{"line":20,"column":4},"end":{"line":28,"column":7}},"8":{"start":{"line":22,"column":8},"end":{"line":26,"column":7}},"9":{"start":{"line":23,"column":12},"end":{"line":23,"column":33}},"10":{"start":{"line":23,"column":21},"end":{"line":23,"column":33}},"11":{"start":{"line":24,"column":8},"end":{"line":24,"column":31}},"12":{"start":{"line":24,"column":17},"end":{"line":24,"column":31}},"13":{"start":{"line":25,"column":8},"end":{"line":25,"column":25}},"14":{"start":{"line":32,"column":0},"end":{"line":32,"column":35}},"15":{"start":{"line":33,"column":0},"end":{"line":33,"column":33}}},"fnMap":{"0":{"name":"findData","decl":{"start":{"line":4,"column":9},"end":{"line":4,"column":17}},"loc":{"start":{"line":4,"column":31},"end":{"line":16,"column":1}},"line":4},"1":{"name":"(anonymous_1)","decl":{"start":{"line":6,"column":20},"end":{"line":6,"column":21}},"loc":{"start":{"line":6,"column":44},"end":{"line":14,"column":2}},"line":6},"2":{"name":"(anonymous_2)","decl":{"start":{"line":8,"column":23},"end":{"line":8,"column":24}},"loc":{"start":{"line":8,"column":37},"end":{"line":12,"column":3}},"line":8},"3":{"name":"findAll","decl":{"start":{"line":18,"column":9},"end":{"line":18,"column":16}},"loc":{"start":{"line":18,"column":30},"end":{"line":30,"column":1}},"line":18},"4":{"name":"(anonymous_4)","decl":{"start":{"line":20,"column":23},"end":{"line":20,"column":24}},"loc":{"start":{"line":20,"column":47},"end":{"line":28,"column":5}},"line":20},"5":{"name":"(anonymous_5)","decl":{"start":{"line":22,"column":26},"end":{"line":22,"column":27}},"loc":{"start":{"line":22,"column":40},"end":{"line":26,"column":5}},"line":22}},"branchMap":{"0":{"loc":{"start":{"line":9,"column":3},"end":{"line":9,"column":24}},"type":"if","locations":[{"start":{"line":9,"column":3},"end":{"line":9,"column":24}},{"start":{"line":9,"column":3},"end":{"line":9,"column":24}}],"line":9},"1":{"loc":{"start":{"line":10,"column":3},"end":{"line":10,"column":26}},"type":"if","locations":[{"start":{"line":10,"column":3},"end":{"line":10,"column":26}},{"start":{"line":10,"column":3},"end":{"line":10,"column":26}}],"line":10},"2":{"loc":{"start":{"line":23,"column":12},"end":{"line":23,"column":33}},"type":"if","locations":[{"start":{"line":23,"column":12},"end":{"line":23,"column":33}},{"start":{"line":23,"column":12},"end":{"line":23,"column":33}}],"line":23},"3":{"loc":{"start":{"line":24,"column":8},"end":{"line":24,"column":31}},"type":"if","locations":[{"start":{"line":24,"column":8},"end":{"line":24,"column":31}},{"start":{"line":24,"column":8},"end":{"line":24,"column":31}}],"line":24}},"s":{"0":0,"1":0,"2":0,"3":0,"4":0,"5":0,"6":0,"7":0,"8":0,"9":0,"10":0,"11":0,"12":0,"13":0,"14":1,"15":1},"f":{"0":0,"1":0,"2":0,"3":0,"4":0,"5":0},"b":{"0":[0,0],"1":[0,0],"2":[0,0],"3":[0,0]},"_coverageSchema":"d34fc3e6b8297bcde183f5492bcb8fcb36775295","hash":"f66acf7ab1af523a65e88462c5f36da27e24a943","contentHash":"f4e647cb2bbbf7d7ad79261ca43679a3"},"/Users/laxmipriyadharshini/Documents/CMU /The Purpose/Implementation/Resources_impl/steel_smiling_project/secure/methods.js":{"path":"/Users/laxmipriyadharshini/Documents/CMU /The Purpose/Implementation/Resources_impl/steel_smiling_project/secure/methods.js","statementMap":{"0":{"start":{"line":1,"column":17},"end":{"line":1,"column":38}},"1":{"start":{"line":2,"column":13},"end":{"line":2,"column":30}},"2":{"start":{"line":4,"column":10},"end":{"line":4,"column":32}},"3":{"start":{"line":7,"column":17},"end":{"line":7,"column":33}},"4":{"start":{"line":8,"column":4},"end":{"line":8,"column":36}},"5":{"start":{"line":10,"column":15},"end":{"line":13,"column":22}},"6":{"start":{"line":15,"column":4},"end":{"line":15,"column":40}},"7":{"start":{"line":19,"column":4},"end":{"line":40,"column":7}},"8":{"start":{"line":20,"column":26},"end":{"line":29,"column":10}},"9":{"start":{"line":31,"column":8},"end":{"line":39,"column":11}},"10":{"start":{"line":32,"column":12},"end":{"line":34,"column":13}},"11":{"start":{"line":33,"column":16},"end":{"line":33,"column":37}},"12":{"start":{"line":36,"column":12},"end":{"line":36,"column":33}},"13":{"start":{"line":44,"column":4},"end":{"line":44,"column":43}},"14":{"start":{"line":45,"column":4},"end":{"line":45,"column":44}},"15":{"start":{"line":46,"column":4},"end":{"line":46,"column":44}},"16":{"start":{"line":47,"column":4},"end":{"line":47,"column":25}},"17":{"start":{"line":48,"column":4},"end":{"line":48,"column":19}},"18":{"start":{"line":51,"column":0},"end":{"line":51,"column":29}},"19":{"start":{"line":52,"column":0},"end":{"line":52,"column":35}},"20":{"start":{"line":53,"column":0},"end":{"line":53,"column":35}}},"fnMap":{"0":{"name":"token","decl":{"start":{"line":6,"column":9},"end":{"line":6,"column":14}},"loc":{"start":{"line":6,"column":22},"end":{"line":16,"column":1}},"line":6},"1":{"name":"sendMail","decl":{"start":{"line":18,"column":9},"end":{"line":18,"column":17}},"loc":{"start":{"line":18,"column":31},"end":{"line":41,"column":1}},"line":18},"2":{"name":"(anonymous_2)","decl":{"start":{"line":19,"column":23},"end":{"line":19,"column":24}},"loc":{"start":{"line":19,"column":49},"end":{"line":40,"column":5}},"line":19},"3":{"name":"(anonymous_3)","decl":{"start":{"line":31,"column":42},"end":{"line":31,"column":43}},"loc":{"start":{"line":31,"column":59},"end":{"line":39,"column":9}},"line":31},"4":{"name":"saveUser","decl":{"start":{"line":43,"column":9},"end":{"line":43,"column":17}},"loc":{"start":{"line":43,"column":42},"end":{"line":49,"column":1}},"line":43}},"branchMap":{"0":{"loc":{"start":{"line":32,"column":12},"end":{"line":34,"column":13}},"type":"if","locations":[{"start":{"line":32,"column":12},"end":{"line":34,"column":13}},{"start":{"line":32,"column":12},"end":{"line":34,"column":13}}],"line":32}},"s":{"0":1,"1":1,"2":1,"3":0,"4":0,"5":0,"6":0,"7":0,"8":0,"9":0,"10":0,"11":0,"12":0,"13":0,"14":0,"15":0,"16":0,"17":0,"18":1,"19":1,"20":1},"f":{"0":0,"1":0,"2":0,"3":0,"4":0},"b":{"0":[0,0]},"_coverageSchema":"d34fc3e6b8297bcde183f5492bcb8fcb36775295","hash":"334719d3edb02f384bc9624a5d9d5be970af6faa","contentHash":"b5bace8ddd2470ad7d090edeb6df3df6"},"/Users/laxmipriyadharshini/Documents/CMU /The Purpose/Implementation/Resources_impl/steel_smiling_project/routes/index.js":{"path":"/Users/laxmipriyadharshini/Documents/CMU /The Purpose/Implementation/Resources_impl/steel_smiling_project/routes/index.js","statementMap":{"0":{"start":{"line":1,"column":14},"end":{"line":1,"column":32}},"1":{"start":{"line":2,"column":13},"end":{"line":2,"column":29}},"2":{"start":{"line":3,"column":17},"end":{"line":3,"column":53}},"3":{"start":{"line":4,"column":17},"end":{"line":4,"column":38}},"4":{"start":{"line":5,"column":13},"end":{"line":5,"column":32}},"5":{"start":{"line":6,"column":15},"end":{"line":6,"column":34}},"6":{"start":{"line":7,"column":13},"end":{"line":7,"column":29}},"7":{"start":{"line":9,"column":13},"end":{"line":9,"column":38}},"8":{"start":{"line":10,"column":19},"end":{"line":10,"column":52}},"9":{"start":{"line":11,"column":13},"end":{"line":11,"column":43}},"10":{"start":{"line":12,"column":14},"end":{"line":12,"column":42}},"11":{"start":{"line":13,"column":9},"end":{"line":13,"column":32}},"12":{"start":{"line":16,"column":0},"end":{"line":18,"column":3}},"13":{"start":{"line":17,"column":2},"end":{"line":17,"column":79}},"14":{"start":{"line":24,"column":0},"end":{"line":26,"column":3}},"15":{"start":{"line":25,"column":1},"end":{"line":25,"column":82}},"16":{"start":{"line":30,"column":0},"end":{"line":30,"column":81}},"17":{"start":{"line":32,"column":0},"end":{"line":36,"column":4}},"18":{"start":{"line":38,"column":0},"end":{"line":38,"column":92}},"19":{"start":{"line":40,"column":0},"end":{"line":44,"column":4}},"20":{"start":{"line":48,"column":0},"end":{"line":52,"column":3}},"21":{"start":{"line":49,"column":2},"end":{"line":49,"column":24}},"22":{"start":{"line":50,"column":2},"end":{"line":50,"column":15}},"23":{"start":{"line":51,"column":2},"end":{"line":51,"column":20}},"24":{"start":{"line":55,"column":0},"end":{"line":61,"column":3}},"25":{"start":{"line":57,"column":4},"end":{"line":59,"column":24}},"26":{"start":{"line":58,"column":6},"end":{"line":58,"column":21}},"27":{"start":{"line":65,"column":0},"end":{"line":138,"column":3}},"28":{"start":{"line":69,"column":4},"end":{"line":135,"column":5}},"29":{"start":{"line":70,"column":9},"end":{"line":70,"column":71}},"30":{"start":{"line":71,"column":9},"end":{"line":71,"column":24}},"31":{"start":{"line":74,"column":8},"end":{"line":74,"column":69}},"32":{"start":{"line":76,"column":8},"end":{"line":133,"column":10}},"33":{"start":{"line":79,"column":26},"end":{"line":79,"column":40}},"34":{"start":{"line":82,"column":14},"end":{"line":130,"column":11}},"35":{"start":{"line":83,"column":16},"end":{"line":83,"column":70}},"36":{"start":{"line":84,"column":16},"end":{"line":84,"column":31}},"37":{"start":{"line":93,"column":31},"end":{"line":93,"column":60}},"38":{"start":{"line":96,"column":38},"end":{"line":103,"column":21}},"39":{"start":{"line":106,"column":20},"end":{"line":123,"column":23}},"40":{"start":{"line":108,"column":24},"end":{"line":118,"column":27}},"41":{"start":{"line":113,"column":36},"end":{"line":113,"column":102}},"42":{"start":{"line":113,"column":44},"end":{"line":113,"column":102}},"43":{"start":{"line":115,"column":36},"end":{"line":115,"column":110}},"44":{"start":{"line":115,"column":45},"end":{"line":115,"column":110}},"45":{"start":{"line":117,"column":36},"end":{"line":117,"column":51}},"46":{"start":{"line":121,"column":36},"end":{"line":121,"column":93}},"47":{"start":{"line":122,"column":25},"end":{"line":122,"column":40}},"48":{"start":{"line":143,"column":0},"end":{"line":147,"column":8}},"49":{"start":{"line":152,"column":0},"end":{"line":202,"column":3}},"50":{"start":{"line":153,"column":4},"end":{"line":153,"column":29}},"51":{"start":{"line":154,"column":15},"end":{"line":154,"column":44}},"52":{"start":{"line":156,"column":19},"end":{"line":163,"column":5}},"53":{"start":{"line":165,"column":4},"end":{"line":165,"column":41}},"54":{"start":{"line":166,"column":18},"end":{"line":166,"column":36}},"55":{"start":{"line":167,"column":4},"end":{"line":170,"column":7}},"56":{"start":{"line":168,"column":19},"end":{"line":168,"column":101}},"57":{"start":{"line":169,"column":8},"end":{"line":169,"column":23}},"58":{"start":{"line":207,"column":0},"end":{"line":233,"column":3}},"59":{"start":{"line":209,"column":4},"end":{"line":209,"column":72}},"60":{"start":{"line":210,"column":4},"end":{"line":210,"column":76}},"61":{"start":{"line":211,"column":4},"end":{"line":211,"column":86}},"62":{"start":{"line":212,"column":4},"end":{"line":212,"column":86}},"63":{"start":{"line":214,"column":4},"end":{"line":231,"column":7}},"64":{"start":{"line":215,"column":19},"end":{"line":215,"column":33}},"65":{"start":{"line":216,"column":7},"end":{"line":230,"column":8}},"66":{"start":{"line":217,"column":9},"end":{"line":217,"column":41}},"67":{"start":{"line":218,"column":9},"end":{"line":218,"column":70}},"68":{"start":{"line":220,"column":13},"end":{"line":229,"column":15}},"69":{"start":{"line":224,"column":20},"end":{"line":224,"column":38}},"70":{"start":{"line":224,"column":28},"end":{"line":224,"column":38}},"71":{"start":{"line":225,"column":20},"end":{"line":225,"column":77}},"72":{"start":{"line":225,"column":30},"end":{"line":225,"column":77}},"73":{"start":{"line":226,"column":20},"end":{"line":226,"column":81}},"74":{"start":{"line":226,"column":29},"end":{"line":226,"column":81}},"75":{"start":{"line":227,"column":20},"end":{"line":227,"column":38}},"76":{"start":{"line":240,"column":0},"end":{"line":240,"column":24}}},"fnMap":{"0":{"name":"(anonymous_0)","decl":{"start":{"line":16,"column":38},"end":{"line":16,"column":39}},"loc":{"start":{"line":16,"column":63},"end":{"line":18,"column":1}},"line":16},"1":{"name":"(anonymous_1)","decl":{"start":{"line":24,"column":43},"end":{"line":24,"column":44}},"loc":{"start":{"line":24,"column":65},"end":{"line":26,"column":1}},"line":24},"2":{"name":"(anonymous_2)","decl":{"start":{"line":48,"column":21},"end":{"line":48,"column":22}},"loc":{"start":{"line":48,"column":43},"end":{"line":52,"column":1}},"line":48},"3":{"name":"(anonymous_3)","decl":{"start":{"line":55,"column":22},"end":{"line":55,"column":23}},"loc":{"start":{"line":55,"column":44},"end":{"line":61,"column":1}},"line":55},"4":{"name":"(anonymous_4)","decl":{"start":{"line":57,"column":44},"end":{"line":57,"column":45}},"loc":{"start":{"line":57,"column":56},"end":{"line":59,"column":5}},"line":57},"5":{"name":"(anonymous_5)","decl":{"start":{"line":65,"column":25},"end":{"line":65,"column":26}},"loc":{"start":{"line":65,"column":47},"end":{"line":138,"column":1}},"line":65},"6":{"name":"(anonymous_6)","decl":{"start":{"line":77,"column":17},"end":{"line":77,"column":18}},"loc":{"start":{"line":77,"column":33},"end":{"line":133,"column":8}},"line":77},"7":{"name":"(anonymous_7)","decl":{"start":{"line":106,"column":55},"end":{"line":106,"column":56}},"loc":{"start":{"line":106,"column":69},"end":{"line":120,"column":21}},"line":106},"8":{"name":"(anonymous_8)","decl":{"start":{"line":111,"column":32},"end":{"line":111,"column":33}},"loc":{"start":{"line":111,"column":44},"end":{"line":118,"column":25}},"line":111},"9":{"name":"(anonymous_9)","decl":{"start":{"line":120,"column":29},"end":{"line":120,"column":30}},"loc":{"start":{"line":120,"column":42},"end":{"line":123,"column":21}},"line":120},"10":{"name":"(anonymous_10)","decl":{"start":{"line":152,"column":45},"end":{"line":152,"column":46}},"loc":{"start":{"line":152,"column":67},"end":{"line":202,"column":1}},"line":152},"11":{"name":"(anonymous_11)","decl":{"start":{"line":167,"column":17},"end":{"line":167,"column":18}},"loc":{"start":{"line":167,"column":26},"end":{"line":170,"column":5}},"line":167},"12":{"name":"(anonymous_12)","decl":{"start":{"line":207,"column":34},"end":{"line":207,"column":35}},"loc":{"start":{"line":207,"column":56},"end":{"line":233,"column":1}},"line":207},"13":{"name":"(anonymous_13)","decl":{"start":{"line":214,"column":35},"end":{"line":214,"column":36}},"loc":{"start":{"line":214,"column":52},"end":{"line":231,"column":5}},"line":214},"14":{"name":"(anonymous_14)","decl":{"start":{"line":223,"column":16},"end":{"line":223,"column":17}},"loc":{"start":{"line":223,"column":30},"end":{"line":229,"column":13}},"line":223}},"branchMap":{"0":{"loc":{"start":{"line":69,"column":4},"end":{"line":135,"column":5}},"type":"if","locations":[{"start":{"line":69,"column":4},"end":{"line":135,"column":5}},{"start":{"line":69,"column":4},"end":{"line":135,"column":5}}],"line":69},"1":{"loc":{"start":{"line":82,"column":14},"end":{"line":130,"column":11}},"type":"if","locations":[{"start":{"line":82,"column":14},"end":{"line":130,"column":11}},{"start":{"line":82,"column":14},"end":{"line":130,"column":11}}],"line":82},"2":{"loc":{"start":{"line":113,"column":36},"end":{"line":113,"column":102}},"type":"if","locations":[{"start":{"line":113,"column":36},"end":{"line":113,"column":102}},{"start":{"line":113,"column":36},"end":{"line":113,"column":102}}],"line":113},"3":{"loc":{"start":{"line":115,"column":36},"end":{"line":115,"column":110}},"type":"if","locations":[{"start":{"line":115,"column":36},"end":{"line":115,"column":110}},{"start":{"line":115,"column":36},"end":{"line":115,"column":110}}],"line":115},"4":{"loc":{"start":{"line":216,"column":7},"end":{"line":230,"column":8}},"type":"if","locations":[{"start":{"line":216,"column":7},"end":{"line":230,"column":8}},{"start":{"line":216,"column":7},"end":{"line":230,"column":8}}],"line":216},"5":{"loc":{"start":{"line":224,"column":20},"end":{"line":224,"column":38}},"type":"if","locations":[{"start":{"line":224,"column":20},"end":{"line":224,"column":38}},{"start":{"line":224,"column":20},"end":{"line":224,"column":38}}],"line":224},"6":{"loc":{"start":{"line":225,"column":20},"end":{"line":225,"column":77}},"type":"if","locations":[{"start":{"line":225,"column":20},"end":{"line":225,"column":77}},{"start":{"line":225,"column":20},"end":{"line":225,"column":77}}],"line":225},"7":{"loc":{"start":{"line":226,"column":20},"end":{"line":226,"column":81}},"type":"if","locations":[{"start":{"line":226,"column":20},"end":{"line":226,"column":81}},{"start":{"line":226,"column":20},"end":{"line":226,"column":81}}],"line":226}},"s":{"0":1,"1":1,"2":1,"3":1,"4":1,"5":1,"6":1,"7":1,"8":1,"9":1,"10":1,"11":1,"12":1,"13":1,"14":1,"15":0,"16":1,"17":1,"18":1,"19":1,"20":1,"21":1,"22":1,"23":1,"24":1,"25":4,"26":4,"27":1,"28":0,"29":0,"30":0,"31":0,"32":0,"33":0,"34":0,"35":0,"36":0,"37":0,"38":0,"39":0,"40":0,"41":0,"42":0,"43":0,"44":0,"45":0,"46":0,"47":0,"48":1,"49":1,"50":0,"51":0,"52":0,"53":0,"54":0,"55":0,"56":0,"57":0,"58":1,"59":0,"60":0,"61":0,"62":0,"63":0,"64":0,"65":0,"66":0,"67":0,"68":0,"69":0,"70":0,"71":0,"72":0,"73":0,"74":0,"75":0,"76":1},"f":{"0":1,"1":0,"2":1,"3":4,"4":4,"5":0,"6":0,"7":0,"8":0,"9":0,"10":0,"11":0,"12":0,"13":0,"14":0},"b":{"0":[0,0],"1":[0,0],"2":[0,0],"3":[0,0],"4":[0,0],"5":[0,0],"6":[0,0],"7":[0,0]},"_coverageSchema":"d34fc3e6b8297bcde183f5492bcb8fcb36775295","hash":"a2c58f6ba6817ae769ce41b5e4745074c88ae126","contentHash":"8bed004c6774dd90add14f97c621fa31"},"/Users/laxmipriyadharshini/Documents/CMU /The Purpose/Implementation/Resources_impl/steel_smiling_project/middlewares/middleware.js":{"path":"/Users/laxmipriyadharshini/Documents/CMU /The Purpose/Implementation/Resources_impl/steel_smiling_project/middlewares/middleware.js","statementMap":{"0":{"start":{"line":2,"column":13},"end":{"line":2,"column":32}},"1":{"start":{"line":8,"column":1},"end":{"line":8,"column":33}},"2":{"start":{"line":9,"column":1},"end":{"line":9,"column":33}},"3":{"start":{"line":10,"column":1},"end":{"line":10,"column":30}},"4":{"start":{"line":12,"column":1},"end":{"line":52,"column":4}},"5":{"start":{"line":54,"column":1},"end":{"line":54,"column":62}},"6":{"start":{"line":55,"column":1},"end":{"line":55,"column":72}},"7":{"start":{"line":57,"column":1},"end":{"line":63,"column":4}},"8":{"start":{"line":58,"column":3},"end":{"line":58,"column":10}},"9":{"start":{"line":60,"column":2},"end":{"line":62,"column":3}},"10":{"start":{"line":61,"column":3},"end":{"line":61,"column":23}},"11":{"start":{"line":69,"column":4},"end":{"line":88,"column":7}},"12":{"start":{"line":70,"column":9},"end":{"line":70,"column":56}},"13":{"start":{"line":71,"column":6},"end":{"line":71,"column":24}},"14":{"start":{"line":74,"column":8},"end":{"line":74,"column":69}},"15":{"start":{"line":76,"column":8},"end":{"line":87,"column":15}},"16":{"start":{"line":79,"column":26},"end":{"line":79,"column":40}},"17":{"start":{"line":81,"column":15},"end":{"line":86,"column":16}},"18":{"start":{"line":82,"column":17},"end":{"line":82,"column":63}},"19":{"start":{"line":83,"column":17},"end":{"line":83,"column":35}},"20":{"start":{"line":85,"column":16},"end":{"line":85,"column":23}},"21":{"start":{"line":94,"column":1},"end":{"line":94,"column":33}},"22":{"start":{"line":95,"column":1},"end":{"line":95,"column":33}},"23":{"start":{"line":96,"column":1},"end":{"line":96,"column":28}},"24":{"start":{"line":98,"column":1},"end":{"line":128,"column":4}},"25":{"start":{"line":130,"column":1},"end":{"line":140,"column":15}},"26":{"start":{"line":133,"column":27},"end":{"line":133,"column":41}},"27":{"start":{"line":135,"column":15},"end":{"line":139,"column":16}},"28":{"start":{"line":136,"column":17},"end":{"line":136,"column":24}},"29":{"start":{"line":138,"column":16},"end":{"line":138,"column":36}},"30":{"start":{"line":149,"column":21},"end":{"line":149,"column":38}},"31":{"start":{"line":150,"column":19},"end":{"line":150,"column":39}},"32":{"start":{"line":151,"column":19},"end":{"line":151,"column":39}},"33":{"start":{"line":152,"column":15},"end":{"line":152,"column":31}},"34":{"start":{"line":155,"column":1},"end":{"line":173,"column":2}},"35":{"start":{"line":156,"column":2},"end":{"line":158,"column":3}},"36":{"start":{"line":157,"column":3},"end":{"line":157,"column":68}},"37":{"start":{"line":162,"column":2},"end":{"line":164,"column":3}},"38":{"start":{"line":163,"column":3},"end":{"line":163,"column":68}},"39":{"start":{"line":166,"column":2},"end":{"line":168,"column":3}},"40":{"start":{"line":167,"column":3},"end":{"line":167,"column":69}},"41":{"start":{"line":170,"column":2},"end":{"line":172,"column":3}},"42":{"start":{"line":171,"column":3},"end":{"line":171,"column":78}},"43":{"start":{"line":176,"column":2},"end":{"line":178,"column":3}},"44":{"start":{"line":177,"column":3},"end":{"line":177,"column":83}},"45":{"start":{"line":180,"column":2},"end":{"line":182,"column":3}},"46":{"start":{"line":181,"column":3},"end":{"line":181,"column":63}},"47":{"start":{"line":186,"column":2},"end":{"line":186,"column":9}},"48":{"start":{"line":198,"column":1},"end":{"line":208,"column":2}},"49":{"start":{"line":200,"column":2},"end":{"line":202,"column":3}},"50":{"start":{"line":201,"column":3},"end":{"line":201,"column":34}},"51":{"start":{"line":204,"column":2},"end":{"line":204,"column":9}},"52":{"start":{"line":207,"column":2},"end":{"line":207,"column":20}},"53":{"start":{"line":214,"column":1},"end":{"line":214,"column":52}},"54":{"start":{"line":224,"column":17},"end":{"line":224,"column":79}},"55":{"start":{"line":224,"column":54},"end":{"line":224,"column":78}},"56":{"start":{"line":226,"column":1},"end":{"line":228,"column":2}},"57":{"start":{"line":227,"column":3},"end":{"line":227,"column":49}},"58":{"start":{"line":231,"column":1},"end":{"line":231,"column":8}},"59":{"start":{"line":241,"column":17},"end":{"line":241,"column":79}},"60":{"start":{"line":241,"column":54},"end":{"line":241,"column":78}},"61":{"start":{"line":243,"column":1},"end":{"line":245,"column":2}},"62":{"start":{"line":244,"column":3},"end":{"line":244,"column":49}},"63":{"start":{"line":248,"column":1},"end":{"line":248,"column":8}},"64":{"start":{"line":258,"column":0},"end":{"line":258,"column":37}},"65":{"start":{"line":259,"column":0},"end":{"line":259,"column":41}},"66":{"start":{"line":260,"column":0},"end":{"line":260,"column":37}},"67":{"start":{"line":261,"column":0},"end":{"line":261,"column":39}},"68":{"start":{"line":262,"column":0},"end":{"line":262,"column":43}},"69":{"start":{"line":263,"column":0},"end":{"line":263,"column":43}},"70":{"start":{"line":264,"column":0},"end":{"line":264,"column":41}},"71":{"start":{"line":265,"column":0},"end":{"line":265,"column":43}}},"fnMap":{"0":{"name":"reg_valid","decl":{"start":{"line":6,"column":9},"end":{"line":6,"column":18}},"loc":{"start":{"line":6,"column":32},"end":{"line":65,"column":1}},"line":6},"1":{"name":"(anonymous_1)","decl":{"start":{"line":57,"column":34},"end":{"line":57,"column":35}},"loc":{"start":{"line":57,"column":44},"end":{"line":59,"column":2}},"line":57},"2":{"name":"(anonymous_2)","decl":{"start":{"line":59,"column":3},"end":{"line":59,"column":4}},"loc":{"start":{"line":59,"column":19},"end":{"line":63,"column":2}},"line":59},"3":{"name":"login_valid","decl":{"start":{"line":67,"column":9},"end":{"line":67,"column":20}},"loc":{"start":{"line":67,"column":34},"end":{"line":89,"column":1}},"line":67},"4":{"name":"(anonymous_4)","decl":{"start":{"line":77,"column":17},"end":{"line":77,"column":18}},"loc":{"start":{"line":77,"column":33},"end":{"line":87,"column":13}},"line":77},"5":{"name":"update_Valid","decl":{"start":{"line":92,"column":9},"end":{"line":92,"column":21}},"loc":{"start":{"line":92,"column":35},"end":{"line":142,"column":1}},"line":92},"6":{"name":"(anonymous_6)","decl":{"start":{"line":131,"column":17},"end":{"line":131,"column":18}},"loc":{"start":{"line":131,"column":33},"end":{"line":140,"column":13}},"line":131},"7":{"name":"change_valid","decl":{"start":{"line":146,"column":9},"end":{"line":146,"column":21}},"loc":{"start":{"line":146,"column":35},"end":{"line":188,"column":2}},"line":146},"8":{"name":"isAllowed","decl":{"start":{"line":196,"column":9},"end":{"line":196,"column":18}},"loc":{"start":{"line":196,"column":32},"end":{"line":210,"column":1}},"line":196},"9":{"name":"notAllowed","decl":{"start":{"line":212,"column":9},"end":{"line":212,"column":19}},"loc":{"start":{"line":212,"column":33},"end":{"line":215,"column":1}},"line":212},"10":{"name":"isFollowing","decl":{"start":{"line":222,"column":9},"end":{"line":222,"column":20}},"loc":{"start":{"line":222,"column":34},"end":{"line":233,"column":1}},"line":222},"11":{"name":"(anonymous_11)","decl":{"start":{"line":224,"column":41},"end":{"line":224,"column":42}},"loc":{"start":{"line":224,"column":54},"end":{"line":224,"column":78}},"line":224},"12":{"name":"notFollowing","decl":{"start":{"line":239,"column":9},"end":{"line":239,"column":21}},"loc":{"start":{"line":239,"column":35},"end":{"line":250,"column":1}},"line":239},"13":{"name":"(anonymous_13)","decl":{"start":{"line":241,"column":41},"end":{"line":241,"column":42}},"loc":{"start":{"line":241,"column":54},"end":{"line":241,"column":78}},"line":241}},"branchMap":{"0":{"loc":{"start":{"line":60,"column":2},"end":{"line":62,"column":3}},"type":"if","locations":[{"start":{"line":60,"column":2},"end":{"line":62,"column":3}},{"start":{"line":60,"column":2},"end":{"line":62,"column":3}}],"line":60},"1":{"loc":{"start":{"line":69,"column":4},"end":{"line":88,"column":7}},"type":"if","locations":[{"start":{"line":69,"column":4},"end":{"line":88,"column":7}},{"start":{"line":69,"column":4},"end":{"line":88,"column":7}}],"line":69},"2":{"loc":{"start":{"line":69,"column":7},"end":{"line":69,"column":54}},"type":"binary-expr","locations":[{"start":{"line":69,"column":7},"end":{"line":69,"column":27}},{"start":{"line":69,"column":31},"end":{"line":69,"column":54}}],"line":69},"3":{"loc":{"start":{"line":81,"column":15},"end":{"line":86,"column":16}},"type":"if","locations":[{"start":{"line":81,"column":15},"end":{"line":86,"column":16}},{"start":{"line":81,"column":15},"end":{"line":86,"column":16}}],"line":81},"4":{"loc":{"start":{"line":135,"column":15},"end":{"line":139,"column":16}},"type":"if","locations":[{"start":{"line":135,"column":15},"end":{"line":139,"column":16}},{"start":{"line":135,"column":15},"end":{"line":139,"column":16}}],"line":135},"5":{"loc":{"start":{"line":155,"column":1},"end":{"line":173,"column":2}},"type":"if","locations":[{"start":{"line":155,"column":1},"end":{"line":173,"column":2}},{"start":{"line":155,"column":1},"end":{"line":173,"column":2}}],"line":155},"6":{"loc":{"start":{"line":156,"column":2},"end":{"line":158,"column":3}},"type":"if","locations":[{"start":{"line":156,"column":2},"end":{"line":158,"column":3}},{"start":{"line":156,"column":2},"end":{"line":158,"column":3}}],"line":156},"7":{"loc":{"start":{"line":156,"column":5},"end":{"line":156,"column":39}},"type":"binary-expr","locations":[{"start":{"line":156,"column":5},"end":{"line":156,"column":22}},{"start":{"line":156,"column":26},"end":{"line":156,"column":39}}],"line":156},"8":{"loc":{"start":{"line":162,"column":2},"end":{"line":164,"column":3}},"type":"if","locations":[{"start":{"line":162,"column":2},"end":{"line":164,"column":3}},{"start":{"line":162,"column":2},"end":{"line":164,"column":3}}],"line":162},"9":{"loc":{"start":{"line":162,"column":5},"end":{"line":162,"column":60}},"type":"binary-expr","locations":[{"start":{"line":162,"column":5},"end":{"line":162,"column":22}},{"start":{"line":162,"column":26},"end":{"line":162,"column":43}},{"start":{"line":162,"column":47},"end":{"line":162,"column":60}}],"line":162},"10":{"loc":{"start":{"line":166,"column":2},"end":{"line":168,"column":3}},"type":"if","locations":[{"start":{"line":166,"column":2},"end":{"line":168,"column":3}},{"start":{"line":166,"column":2},"end":{"line":168,"column":3}}],"line":166},"11":{"loc":{"start":{"line":170,"column":2},"end":{"line":172,"column":3}},"type":"if","locations":[{"start":{"line":170,"column":2},"end":{"line":172,"column":3}},{"start":{"line":170,"column":2},"end":{"line":172,"column":3}}],"line":170},"12":{"loc":{"start":{"line":176,"column":2},"end":{"line":178,"column":3}},"type":"if","locations":[{"start":{"line":176,"column":2},"end":{"line":178,"column":3}},{"start":{"line":176,"column":2},"end":{"line":178,"column":3}}],"line":176},"13":{"loc":{"start":{"line":180,"column":2},"end":{"line":182,"column":3}},"type":"if","locations":[{"start":{"line":180,"column":2},"end":{"line":182,"column":3}},{"start":{"line":180,"column":2},"end":{"line":182,"column":3}}],"line":180},"14":{"loc":{"start":{"line":198,"column":1},"end":{"line":208,"column":2}},"type":"if","locations":[{"start":{"line":198,"column":1},"end":{"line":208,"column":2}},{"start":{"line":198,"column":1},"end":{"line":208,"column":2}}],"line":198},"15":{"loc":{"start":{"line":200,"column":2},"end":{"line":202,"column":3}},"type":"if","locations":[{"start":{"line":200,"column":2},"end":{"line":202,"column":3}},{"start":{"line":200,"column":2},"end":{"line":202,"column":3}}],"line":200},"16":{"loc":{"start":{"line":214,"column":9},"end":{"line":214,"column":51}},"type":"cond-expr","locations":[{"start":{"line":214,"column":23},"end":{"line":214,"column":29}},{"start":{"line":214,"column":30},"end":{"line":214,"column":51}}],"line":214},"17":{"loc":{"start":{"line":226,"column":1},"end":{"line":228,"column":2}},"type":"if","locations":[{"start":{"line":226,"column":1},"end":{"line":228,"column":2}},{"start":{"line":226,"column":1},"end":{"line":228,"column":2}}],"line":226},"18":{"loc":{"start":{"line":243,"column":1},"end":{"line":245,"column":2}},"type":"if","locations":[{"start":{"line":243,"column":1},"end":{"line":245,"column":2}},{"start":{"line":243,"column":1},"end":{"line":245,"column":2}}],"line":243}},"s":{"0":1,"1":0,"2":0,"3":0,"4":0,"5":0,"6":0,"7":0,"8":0,"9":0,"10":0,"11":0,"12":0,"13":0,"14":0,"15":0,"16":0,"17":0,"18":0,"19":0,"20":0,"21":0,"22":0,"23":0,"24":0,"25":0,"26":0,"27":0,"28":0,"29":0,"30":0,"31":0,"32":0,"33":0,"34":0,"35":0,"36":0,"37":0,"38":0,"39":0,"40":0,"41":0,"42":0,"43":0,"44":0,"45":0,"46":0,"47":0,"48":1,"49":1,"50":0,"51":1,"52":0,"53":1,"54":0,"55":0,"56":0,"57":0,"58":0,"59":0,"60":0,"61":0,"62":0,"63":0,"64":1,"65":1,"66":1,"67":1,"68":1,"69":1,"70":1,"71":1},"f":{"0":0,"1":0,"2":0,"3":0,"4":0,"5":0,"6":0,"7":0,"8":1,"9":1,"10":0,"11":0,"12":0,"13":0},"b":{"0":[0,0],"1":[0,0],"2":[0,0],"3":[0,0],"4":[0,0],"5":[0,0],"6":[0,0],"7":[0,0],"8":[0,0],"9":[0,0,0],"10":[0,0],"11":[0,0],"12":[0,0],"13":[0,0],"14":[1,0],"15":[0,1],"16":[1,0],"17":[0,0],"18":[0,0]},"_coverageSchema":"d34fc3e6b8297bcde183f5492bcb8fcb36775295","hash":"43e8d1bd2f4f9cbeb6a5f83a1bb4793f82dacaf0","contentHash":"094db7a66de690193766fe9eb0b2cb96"},"/Users/laxmipriyadharshini/Documents/CMU /The Purpose/Implementation/Resources_impl/steel_smiling_project/models/notification.js":{"path":"/Users/laxmipriyadharshini/Documents/CMU /The Purpose/Implementation/Resources_impl/steel_smiling_project/models/notification.js","statementMap":{"0":{"start":{"line":1,"column":15},"end":{"line":1,"column":34}},"1":{"start":{"line":2,"column":13},"end":{"line":2,"column":28}},"2":{"start":{"line":5,"column":25},"end":{"line":13,"column":2}},"3":{"start":{"line":15,"column":19},"end":{"line":15,"column":68}},"4":{"start":{"line":17,"column":0},"end":{"line":17,"column":30}}},"fnMap":{},"branchMap":{},"s":{"0":1,"1":1,"2":1,"3":1,"4":1},"f":{},"b":{},"_coverageSchema":"d34fc3e6b8297bcde183f5492bcb8fcb36775295","hash":"cf2d1284bd703c31df8159453f24c8e47262fad0","contentHash":"d937826e0211f363d41de6536fdb459e"},"/Users/laxmipriyadharshini/Documents/CMU /The Purpose/Implementation/Resources_impl/steel_smiling_project/routes/users.js":{"path":"/Users/laxmipriyadharshini/Documents/CMU /The Purpose/Implementation/Resources_impl/steel_smiling_project/routes/users.js","statementMap":{"0":{"start":{"line":2,"column":14},"end":{"line":2,"column":32}},"1":{"start":{"line":3,"column":13},"end":{"line":3,"column":29}},"2":{"start":{"line":4,"column":13},"end":{"line":4,"column":32}},"3":{"start":{"line":5,"column":13},"end":{"line":5,"column":30}},"4":{"start":{"line":6,"column":11},"end":{"line":6,"column":26}},"5":{"start":{"line":7,"column":9},"end":{"line":7,"column":22}},"6":{"start":{"line":8,"column":12},"end":{"line":8,"column":28}},"7":{"start":{"line":9,"column":17},"end":{"line":9,"column":38}},"8":{"start":{"line":11,"column":0},"end":{"line":15,"column":3}},"9":{"start":{"line":18,"column":14},"end":{"line":25,"column":2}},"10":{"start":{"line":20,"column":4},"end":{"line":20,"column":61}},"11":{"start":{"line":23,"column":4},"end":{"line":23,"column":84}},"12":{"start":{"line":29,"column":13},"end":{"line":42,"column":2}},"13":{"start":{"line":32,"column":16},"end":{"line":32,"column":42}},"14":{"start":{"line":33,"column":14},"end":{"line":33,"column":64}},"15":{"start":{"line":33,"column":41},"end":{"line":33,"column":62}},"16":{"start":{"line":35,"column":13},"end":{"line":37,"column":14}},"17":{"start":{"line":36,"column":14},"end":{"line":36,"column":35}},"18":{"start":{"line":39,"column":13},"end":{"line":39,"column":34}},"19":{"start":{"line":44,"column":11},"end":{"line":44,"column":36}},"20":{"start":{"line":45,"column":11},"end":{"line":45,"column":36}},"21":{"start":{"line":46,"column":14},"end":{"line":46,"column":42}},"22":{"start":{"line":47,"column":10},"end":{"line":47,"column":33}},"23":{"start":{"line":48,"column":17},"end":{"line":48,"column":53}},"24":{"start":{"line":53,"column":0},"end":{"line":58,"column":3}},"25":{"start":{"line":54,"column":2},"end":{"line":57,"column":24}},"26":{"start":{"line":55,"column":5},"end":{"line":55,"column":23}},"27":{"start":{"line":55,"column":13},"end":{"line":55,"column":23}},"28":{"start":{"line":56,"column":5},"end":{"line":56,"column":150}},"29":{"start":{"line":61,"column":0},"end":{"line":68,"column":3}},"30":{"start":{"line":62,"column":1},"end":{"line":67,"column":6}},"31":{"start":{"line":64,"column":6},"end":{"line":64,"column":180}},"32":{"start":{"line":64,"column":155},"end":{"line":64,"column":175}},"33":{"start":{"line":66,"column":4},"end":{"line":66,"column":14}},"34":{"start":{"line":71,"column":0},"end":{"line":80,"column":3}},"35":{"start":{"line":73,"column":1},"end":{"line":78,"column":6}},"36":{"start":{"line":75,"column":5},"end":{"line":75,"column":126}},"37":{"start":{"line":77,"column":4},"end":{"line":77,"column":14}},"38":{"start":{"line":83,"column":0},"end":{"line":125,"column":3}},"39":{"start":{"line":85,"column":2},"end":{"line":97,"column":5}},"40":{"start":{"line":86,"column":3},"end":{"line":96,"column":6}},"41":{"start":{"line":87,"column":4},"end":{"line":90,"column":5}},"42":{"start":{"line":88,"column":17},"end":{"line":88,"column":54}},"43":{"start":{"line":89,"column":6},"end":{"line":89,"column":37}},"44":{"start":{"line":91,"column":4},"end":{"line":94,"column":5}},"45":{"start":{"line":92,"column":17},"end":{"line":92,"column":54}},"46":{"start":{"line":93,"column":6},"end":{"line":93,"column":37}},"47":{"start":{"line":95,"column":4},"end":{"line":95,"column":16}},"48":{"start":{"line":99,"column":3},"end":{"line":115,"column":5}},"49":{"start":{"line":100,"column":3},"end":{"line":114,"column":6}},"50":{"start":{"line":101,"column":4},"end":{"line":104,"column":5}},"51":{"start":{"line":102,"column":17},"end":{"line":102,"column":50}},"52":{"start":{"line":103,"column":6},"end":{"line":103,"column":33}},"53":{"start":{"line":105,"column":4},"end":{"line":111,"column":5}},"54":{"start":{"line":106,"column":4},"end":{"line":110,"column":8}},"55":{"start":{"line":107,"column":6},"end":{"line":109,"column":7}},"56":{"start":{"line":108,"column":7},"end":{"line":108,"column":22}},"57":{"start":{"line":113,"column":4},"end":{"line":113,"column":16}},"58":{"start":{"line":120,"column":1},"end":{"line":120,"column":94}},"59":{"start":{"line":121,"column":1},"end":{"line":121,"column":51}},"60":{"start":{"line":122,"column":1},"end":{"line":122,"column":62}},"61":{"start":{"line":124,"column":1},"end":{"line":124,"column":25}},"62":{"start":{"line":130,"column":0},"end":{"line":146,"column":3}},"63":{"start":{"line":132,"column":1},"end":{"line":145,"column":2}},"64":{"start":{"line":133,"column":2},"end":{"line":142,"column":5}},"65":{"start":{"line":134,"column":3},"end":{"line":141,"column":6}},"66":{"start":{"line":135,"column":4},"end":{"line":135,"column":65}},"67":{"start":{"line":135,"column":12},"end":{"line":135,"column":65}},"68":{"start":{"line":136,"column":4},"end":{"line":140,"column":5}},"69":{"start":{"line":137,"column":5},"end":{"line":137,"column":40}},"70":{"start":{"line":138,"column":5},"end":{"line":138,"column":24}},"71":{"start":{"line":139,"column":5},"end":{"line":139,"column":71}},"72":{"start":{"line":144,"column":2},"end":{"line":144,"column":91}},"73":{"start":{"line":150,"column":0},"end":{"line":166,"column":3}},"74":{"start":{"line":154,"column":1},"end":{"line":163,"column":4}},"75":{"start":{"line":155,"column":2},"end":{"line":155,"column":63}},"76":{"start":{"line":155,"column":10},"end":{"line":155,"column":63}},"77":{"start":{"line":156,"column":2},"end":{"line":162,"column":3}},"78":{"start":{"line":157,"column":5},"end":{"line":157,"column":43}},"79":{"start":{"line":158,"column":5},"end":{"line":158,"column":43}},"80":{"start":{"line":159,"column":5},"end":{"line":159,"column":33}},"81":{"start":{"line":160,"column":4},"end":{"line":160,"column":23}},"82":{"start":{"line":161,"column":4},"end":{"line":161,"column":55}},"83":{"start":{"line":170,"column":0},"end":{"line":183,"column":3}},"84":{"start":{"line":172,"column":12},"end":{"line":172,"column":52}},"85":{"start":{"line":174,"column":1},"end":{"line":181,"column":4}},"86":{"start":{"line":175,"column":2},"end":{"line":175,"column":63}},"87":{"start":{"line":175,"column":10},"end":{"line":175,"column":63}},"88":{"start":{"line":176,"column":2},"end":{"line":180,"column":3}},"89":{"start":{"line":177,"column":3},"end":{"line":177,"column":28}},"90":{"start":{"line":178,"column":3},"end":{"line":178,"column":22}},"91":{"start":{"line":179,"column":3},"end":{"line":179,"column":51}},"92":{"start":{"line":189,"column":0},"end":{"line":227,"column":3}},"93":{"start":{"line":191,"column":10},"end":{"line":191,"column":21}},"94":{"start":{"line":192,"column":12},"end":{"line":192,"column":24}},"95":{"start":{"line":194,"column":1},"end":{"line":224,"column":4}},"96":{"start":{"line":196,"column":3},"end":{"line":203,"column":4}},"97":{"start":{"line":200,"column":5},"end":{"line":200,"column":34}},"98":{"start":{"line":200,"column":14},"end":{"line":200,"column":34}},"99":{"start":{"line":201,"column":5},"end":{"line":201,"column":33}},"100":{"start":{"line":201,"column":14},"end":{"line":201,"column":33}},"101":{"start":{"line":207,"column":3},"end":{"line":214,"column":4}},"102":{"start":{"line":211,"column":5},"end":{"line":211,"column":34}},"103":{"start":{"line":211,"column":14},"end":{"line":211,"column":34}},"104":{"start":{"line":212,"column":5},"end":{"line":212,"column":33}},"105":{"start":{"line":212,"column":14},"end":{"line":212,"column":33}},"106":{"start":{"line":218,"column":2},"end":{"line":218,"column":49}},"107":{"start":{"line":218,"column":10},"end":{"line":218,"column":49}},"108":{"start":{"line":219,"column":2},"end":{"line":223,"column":3}},"109":{"start":{"line":220,"column":3},"end":{"line":220,"column":31}},"110":{"start":{"line":221,"column":3},"end":{"line":221,"column":22}},"111":{"start":{"line":222,"column":3},"end":{"line":222,"column":48}},"112":{"start":{"line":229,"column":0},"end":{"line":267,"column":3}},"113":{"start":{"line":231,"column":10},"end":{"line":231,"column":21}},"114":{"start":{"line":232,"column":12},"end":{"line":232,"column":24}},"115":{"start":{"line":234,"column":1},"end":{"line":264,"column":4}},"116":{"start":{"line":236,"column":3},"end":{"line":243,"column":4}},"117":{"start":{"line":240,"column":5},"end":{"line":240,"column":34}},"118":{"start":{"line":240,"column":14},"end":{"line":240,"column":34}},"119":{"start":{"line":241,"column":5},"end":{"line":241,"column":33}},"120":{"start":{"line":241,"column":14},"end":{"line":241,"column":33}},"121":{"start":{"line":247,"column":3},"end":{"line":254,"column":4}},"122":{"start":{"line":251,"column":5},"end":{"line":251,"column":34}},"123":{"start":{"line":251,"column":14},"end":{"line":251,"column":34}},"124":{"start":{"line":252,"column":5},"end":{"line":252,"column":33}},"125":{"start":{"line":252,"column":14},"end":{"line":252,"column":33}},"126":{"start":{"line":258,"column":2},"end":{"line":258,"column":49}},"127":{"start":{"line":258,"column":10},"end":{"line":258,"column":49}},"128":{"start":{"line":259,"column":2},"end":{"line":263,"column":3}},"129":{"start":{"line":260,"column":3},"end":{"line":260,"column":81}},"130":{"start":{"line":260,"column":63},"end":{"line":260,"column":79}},"131":{"start":{"line":261,"column":3},"end":{"line":261,"column":22}},"132":{"start":{"line":262,"column":3},"end":{"line":262,"column":50}},"133":{"start":{"line":269,"column":0},"end":{"line":269,"column":24}}},"fnMap":{"0":{"name":"(anonymous_0)","decl":{"start":{"line":19,"column":15},"end":{"line":19,"column":16}},"loc":{"start":{"line":19,"column":40},"end":{"line":21,"column":3}},"line":19},"1":{"name":"(anonymous_1)","decl":{"start":{"line":22,"column":12},"end":{"line":22,"column":13}},"loc":{"start":{"line":22,"column":37},"end":{"line":24,"column":3}},"line":22},"2":{"name":"(anonymous_2)","decl":{"start":{"line":31,"column":14},"end":{"line":31,"column":15}},"loc":{"start":{"line":31,"column":39},"end":{"line":41,"column":6}},"line":31},"3":{"name":"(anonymous_3)","decl":{"start":{"line":33,"column":33},"end":{"line":33,"column":34}},"loc":{"start":{"line":33,"column":41},"end":{"line":33,"column":62}},"line":33},"4":{"name":"(anonymous_4)","decl":{"start":{"line":53,"column":40},"end":{"line":53,"column":41}},"loc":{"start":{"line":53,"column":65},"end":{"line":58,"column":1}},"line":53},"5":{"name":"(anonymous_5)","decl":{"start":{"line":54,"column":12},"end":{"line":54,"column":13}},"loc":{"start":{"line":54,"column":24},"end":{"line":57,"column":3}},"line":54},"6":{"name":"(anonymous_6)","decl":{"start":{"line":61,"column":47},"end":{"line":61,"column":48}},"loc":{"start":{"line":61,"column":69},"end":{"line":68,"column":1}},"line":61},"7":{"name":"(anonymous_7)","decl":{"start":{"line":63,"column":9},"end":{"line":63,"column":10}},"loc":{"start":{"line":63,"column":23},"end":{"line":65,"column":4}},"line":63},"8":{"name":"(anonymous_8)","decl":{"start":{"line":64,"column":147},"end":{"line":64,"column":148}},"loc":{"start":{"line":64,"column":155},"end":{"line":64,"column":175}},"line":64},"9":{"name":"(anonymous_9)","decl":{"start":{"line":65,"column":12},"end":{"line":65,"column":13}},"loc":{"start":{"line":65,"column":25},"end":{"line":67,"column":4}},"line":65},"10":{"name":"(anonymous_10)","decl":{"start":{"line":71,"column":42},"end":{"line":71,"column":43}},"loc":{"start":{"line":71,"column":64},"end":{"line":80,"column":1}},"line":71},"11":{"name":"(anonymous_11)","decl":{"start":{"line":74,"column":9},"end":{"line":74,"column":10}},"loc":{"start":{"line":74,"column":23},"end":{"line":76,"column":4}},"line":74},"12":{"name":"(anonymous_12)","decl":{"start":{"line":76,"column":12},"end":{"line":76,"column":13}},"loc":{"start":{"line":76,"column":25},"end":{"line":78,"column":4}},"line":76},"13":{"name":"(anonymous_13)","decl":{"start":{"line":83,"column":25},"end":{"line":83,"column":26}},"loc":{"start":{"line":83,"column":47},"end":{"line":125,"column":1}},"line":83},"14":{"name":"(anonymous_14)","decl":{"start":{"line":85,"column":12},"end":{"line":85,"column":13}},"loc":{"start":{"line":85,"column":25},"end":{"line":97,"column":3}},"line":85},"15":{"name":"(anonymous_15)","decl":{"start":{"line":86,"column":14},"end":{"line":86,"column":15}},"loc":{"start":{"line":86,"column":24},"end":{"line":96,"column":4}},"line":86},"16":{"name":"(anonymous_16)","decl":{"start":{"line":99,"column":13},"end":{"line":99,"column":14}},"loc":{"start":{"line":99,"column":26},"end":{"line":115,"column":3}},"line":99},"17":{"name":"(anonymous_17)","decl":{"start":{"line":100,"column":14},"end":{"line":100,"column":15}},"loc":{"start":{"line":100,"column":24},"end":{"line":114,"column":4}},"line":100},"18":{"name":"(anonymous_18)","decl":{"start":{"line":106,"column":39},"end":{"line":106,"column":40}},"loc":{"start":{"line":106,"column":52},"end":{"line":110,"column":6}},"line":106},"19":{"name":"(anonymous_19)","decl":{"start":{"line":130,"column":46},"end":{"line":130,"column":47}},"loc":{"start":{"line":130,"column":68},"end":{"line":146,"column":1}},"line":130},"20":{"name":"(anonymous_20)","decl":{"start":{"line":133,"column":74},"end":{"line":133,"column":75}},"loc":{"start":{"line":133,"column":90},"end":{"line":142,"column":3}},"line":133},"21":{"name":"(anonymous_21)","decl":{"start":{"line":134,"column":77},"end":{"line":134,"column":78}},"loc":{"start":{"line":134,"column":91},"end":{"line":141,"column":4}},"line":134},"22":{"name":"(anonymous_22)","decl":{"start":{"line":150,"column":46},"end":{"line":150,"column":47}},"loc":{"start":{"line":150,"column":67},"end":{"line":166,"column":1}},"line":150},"23":{"name":"(anonymous_23)","decl":{"start":{"line":154,"column":122},"end":{"line":154,"column":123}},"loc":{"start":{"line":154,"column":136},"end":{"line":163,"column":2}},"line":154},"24":{"name":"(anonymous_24)","decl":{"start":{"line":170,"column":59},"end":{"line":170,"column":60}},"loc":{"start":{"line":170,"column":81},"end":{"line":183,"column":1}},"line":170},"25":{"name":"(anonymous_25)","decl":{"start":{"line":174,"column":66},"end":{"line":174,"column":67}},"loc":{"start":{"line":174,"column":80},"end":{"line":181,"column":2}},"line":174},"26":{"name":"(anonymous_26)","decl":{"start":{"line":189,"column":45},"end":{"line":189,"column":46}},"loc":{"start":{"line":189,"column":67},"end":{"line":227,"column":1}},"line":189},"27":{"name":"(anonymous_27)","decl":{"start":{"line":195,"column":2},"end":{"line":195,"column":3}},"loc":{"start":{"line":195,"column":20},"end":{"line":205,"column":3}},"line":195},"28":{"name":"(anonymous_28)","decl":{"start":{"line":199,"column":4},"end":{"line":199,"column":5}},"loc":{"start":{"line":199,"column":18},"end":{"line":202,"column":5}},"line":199},"29":{"name":"(anonymous_29)","decl":{"start":{"line":206,"column":2},"end":{"line":206,"column":3}},"loc":{"start":{"line":206,"column":20},"end":{"line":216,"column":3}},"line":206},"30":{"name":"(anonymous_30)","decl":{"start":{"line":210,"column":4},"end":{"line":210,"column":5}},"loc":{"start":{"line":210,"column":18},"end":{"line":213,"column":5}},"line":210},"31":{"name":"(anonymous_31)","decl":{"start":{"line":217,"column":3},"end":{"line":217,"column":4}},"loc":{"start":{"line":217,"column":24},"end":{"line":224,"column":2}},"line":217},"32":{"name":"(anonymous_32)","decl":{"start":{"line":229,"column":48},"end":{"line":229,"column":49}},"loc":{"start":{"line":229,"column":70},"end":{"line":267,"column":1}},"line":229},"33":{"name":"(anonymous_33)","decl":{"start":{"line":235,"column":2},"end":{"line":235,"column":3}},"loc":{"start":{"line":235,"column":20},"end":{"line":245,"column":3}},"line":235},"34":{"name":"(anonymous_34)","decl":{"start":{"line":239,"column":4},"end":{"line":239,"column":5}},"loc":{"start":{"line":239,"column":18},"end":{"line":242,"column":5}},"line":239},"35":{"name":"(anonymous_35)","decl":{"start":{"line":246,"column":2},"end":{"line":246,"column":3}},"loc":{"start":{"line":246,"column":20},"end":{"line":256,"column":3}},"line":246},"36":{"name":"(anonymous_36)","decl":{"start":{"line":250,"column":4},"end":{"line":250,"column":5}},"loc":{"start":{"line":250,"column":18},"end":{"line":253,"column":5}},"line":250},"37":{"name":"(anonymous_37)","decl":{"start":{"line":257,"column":3},"end":{"line":257,"column":4}},"loc":{"start":{"line":257,"column":24},"end":{"line":264,"column":2}},"line":257},"38":{"name":"(anonymous_38)","decl":{"start":{"line":260,"column":50},"end":{"line":260,"column":51}},"loc":{"start":{"line":260,"column":63},"end":{"line":260,"column":79}},"line":260}},"branchMap":{"0":{"loc":{"start":{"line":35,"column":13},"end":{"line":37,"column":14}},"type":"if","locations":[{"start":{"line":35,"column":13},"end":{"line":37,"column":14}},{"start":{"line":35,"column":13},"end":{"line":37,"column":14}}],"line":35},"1":{"loc":{"start":{"line":55,"column":5},"end":{"line":55,"column":23}},"type":"if","locations":[{"start":{"line":55,"column":5},"end":{"line":55,"column":23}},{"start":{"line":55,"column":5},"end":{"line":55,"column":23}}],"line":55},"2":{"loc":{"start":{"line":87,"column":4},"end":{"line":90,"column":5}},"type":"if","locations":[{"start":{"line":87,"column":4},"end":{"line":90,"column":5}},{"start":{"line":87,"column":4},"end":{"line":90,"column":5}}],"line":87},"3":{"loc":{"start":{"line":91,"column":4},"end":{"line":94,"column":5}},"type":"if","locations":[{"start":{"line":91,"column":4},"end":{"line":94,"column":5}},{"start":{"line":91,"column":4},"end":{"line":94,"column":5}}],"line":91},"4":{"loc":{"start":{"line":101,"column":4},"end":{"line":104,"column":5}},"type":"if","locations":[{"start":{"line":101,"column":4},"end":{"line":104,"column":5}},{"start":{"line":101,"column":4},"end":{"line":104,"column":5}}],"line":101},"5":{"loc":{"start":{"line":105,"column":4},"end":{"line":111,"column":5}},"type":"if","locations":[{"start":{"line":105,"column":4},"end":{"line":111,"column":5}},{"start":{"line":105,"column":4},"end":{"line":111,"column":5}}],"line":105},"6":{"loc":{"start":{"line":107,"column":6},"end":{"line":109,"column":7}},"type":"if","locations":[{"start":{"line":107,"column":6},"end":{"line":109,"column":7}},{"start":{"line":107,"column":6},"end":{"line":109,"column":7}}],"line":107},"7":{"loc":{"start":{"line":132,"column":1},"end":{"line":145,"column":2}},"type":"if","locations":[{"start":{"line":132,"column":1},"end":{"line":145,"column":2}},{"start":{"line":132,"column":1},"end":{"line":145,"column":2}}],"line":132},"8":{"loc":{"start":{"line":135,"column":4},"end":{"line":135,"column":65}},"type":"if","locations":[{"start":{"line":135,"column":4},"end":{"line":135,"column":65}},{"start":{"line":135,"column":4},"end":{"line":135,"column":65}}],"line":135},"9":{"loc":{"start":{"line":136,"column":4},"end":{"line":140,"column":5}},"type":"if","locations":[{"start":{"line":136,"column":4},"end":{"line":140,"column":5}},{"start":{"line":136,"column":4},"end":{"line":140,"column":5}}],"line":136},"10":{"loc":{"start":{"line":155,"column":2},"end":{"line":155,"column":63}},"type":"if","locations":[{"start":{"line":155,"column":2},"end":{"line":155,"column":63}},{"start":{"line":155,"column":2},"end":{"line":155,"column":63}}],"line":155},"11":{"loc":{"start":{"line":156,"column":2},"end":{"line":162,"column":3}},"type":"if","locations":[{"start":{"line":156,"column":2},"end":{"line":162,"column":3}},{"start":{"line":156,"column":2},"end":{"line":162,"column":3}}],"line":156},"12":{"loc":{"start":{"line":175,"column":2},"end":{"line":175,"column":63}},"type":"if","locations":[{"start":{"line":175,"column":2},"end":{"line":175,"column":63}},{"start":{"line":175,"column":2},"end":{"line":175,"column":63}}],"line":175},"13":{"loc":{"start":{"line":176,"column":2},"end":{"line":180,"column":3}},"type":"if","locations":[{"start":{"line":176,"column":2},"end":{"line":180,"column":3}},{"start":{"line":176,"column":2},"end":{"line":180,"column":3}}],"line":176},"14":{"loc":{"start":{"line":200,"column":5},"end":{"line":200,"column":34}},"type":"if","locations":[{"start":{"line":200,"column":5},"end":{"line":200,"column":34}},{"start":{"line":200,"column":5},"end":{"line":200,"column":34}}],"line":200},"15":{"loc":{"start":{"line":201,"column":5},"end":{"line":201,"column":33}},"type":"if","locations":[{"start":{"line":201,"column":5},"end":{"line":201,"column":33}},{"start":{"line":201,"column":5},"end":{"line":201,"column":33}}],"line":201},"16":{"loc":{"start":{"line":211,"column":5},"end":{"line":211,"column":34}},"type":"if","locations":[{"start":{"line":211,"column":5},"end":{"line":211,"column":34}},{"start":{"line":211,"column":5},"end":{"line":211,"column":34}}],"line":211},"17":{"loc":{"start":{"line":212,"column":5},"end":{"line":212,"column":33}},"type":"if","locations":[{"start":{"line":212,"column":5},"end":{"line":212,"column":33}},{"start":{"line":212,"column":5},"end":{"line":212,"column":33}}],"line":212},"18":{"loc":{"start":{"line":218,"column":2},"end":{"line":218,"column":49}},"type":"if","locations":[{"start":{"line":218,"column":2},"end":{"line":218,"column":49}},{"start":{"line":218,"column":2},"end":{"line":218,"column":49}}],"line":218},"19":{"loc":{"start":{"line":219,"column":2},"end":{"line":223,"column":3}},"type":"if","locations":[{"start":{"line":219,"column":2},"end":{"line":223,"column":3}},{"start":{"line":219,"column":2},"end":{"line":223,"column":3}}],"line":219},"20":{"loc":{"start":{"line":240,"column":5},"end":{"line":240,"column":34}},"type":"if","locations":[{"start":{"line":240,"column":5},"end":{"line":240,"column":34}},{"start":{"line":240,"column":5},"end":{"line":240,"column":34}}],"line":240},"21":{"loc":{"start":{"line":241,"column":5},"end":{"line":241,"column":33}},"type":"if","locations":[{"start":{"line":241,"column":5},"end":{"line":241,"column":33}},{"start":{"line":241,"column":5},"end":{"line":241,"column":33}}],"line":241},"22":{"loc":{"start":{"line":251,"column":5},"end":{"line":251,"column":34}},"type":"if","locations":[{"start":{"line":251,"column":5},"end":{"line":251,"column":34}},{"start":{"line":251,"column":5},"end":{"line":251,"column":34}}],"line":251},"23":{"loc":{"start":{"line":252,"column":5},"end":{"line":252,"column":33}},"type":"if","locations":[{"start":{"line":252,"column":5},"end":{"line":252,"column":33}},{"start":{"line":252,"column":5},"end":{"line":252,"column":33}}],"line":252},"24":{"loc":{"start":{"line":258,"column":2},"end":{"line":258,"column":49}},"type":"if","locations":[{"start":{"line":258,"column":2},"end":{"line":258,"column":49}},{"start":{"line":258,"column":2},"end":{"line":258,"column":49}}],"line":258},"25":{"loc":{"start":{"line":259,"column":2},"end":{"line":263,"column":3}},"type":"if","locations":[{"start":{"line":259,"column":2},"end":{"line":263,"column":3}},{"start":{"line":259,"column":2},"end":{"line":263,"column":3}}],"line":259}},"s":{"0":1,"1":1,"2":1,"3":1,"4":1,"5":1,"6":1,"7":1,"8":1,"9":1,"10":0,"11":0,"12":1,"13":0,"14":0,"15":0,"16":0,"17":0,"18":0,"19":1,"20":1,"21":1,"22":1,"23":1,"24":1,"25":1,"26":1,"27":0,"28":1,"29":1,"30":0,"31":0,"32":0,"33":0,"34":1,"35":0,"36":0,"37":0,"38":1,"39":0,"40":0,"41":0,"42":0,"43":0,"44":0,"45":0,"46":0,"47":0,"48":0,"49":0,"50":0,"51":0,"52":0,"53":0,"54":0,"55":0,"56":0,"57":0,"58":0,"59":0,"60":0,"61":0,"62":1,"63":0,"64":0,"65":0,"66":0,"67":0,"68":0,"69":0,"70":0,"71":0,"72":0,"73":1,"74":0,"75":0,"76":0,"77":0,"78":0,"79":0,"80":0,"81":0,"82":0,"83":1,"84":0,"85":0,"86":0,"87":0,"88":0,"89":0,"90":0,"91":0,"92":1,"93":0,"94":0,"95":0,"96":0,"97":0,"98":0,"99":0,"100":0,"101":0,"102":0,"103":0,"104":0,"105":0,"106":0,"107":0,"108":0,"109":0,"110":0,"111":0,"112":1,"113":0,"114":0,"115":0,"116":0,"117":0,"118":0,"119":0,"120":0,"121":0,"122":0,"123":0,"124":0,"125":0,"126":0,"127":0,"128":0,"129":0,"130":0,"131":0,"132":0,"133":1},"f":{"0":0,"1":0,"2":0,"3":0,"4":1,"5":1,"6":0,"7":0,"8":0,"9":0,"10":0,"11":0,"12":0,"13":0,"14":0,"15":0,"16":0,"17":0,"18":0,"19":0,"20":0,"21":0,"22":0,"23":0,"24":0,"25":0,"26":0,"27":0,"28":0,"29":0,"30":0,"31":0,"32":0,"33":0,"34":0,"35":0,"36":0,"37":0,"38":0},"b":{"0":[0,0],"1":[0,1],"2":[0,0],"3":[0,0],"4":[0,0],"5":[0,0],"6":[0,0],"7":[0,0],"8":[0,0],"9":[0,0],"10":[0,0],"11":[0,0],"12":[0,0],"13":[0,0],"14":[0,0],"15":[0,0],"16":[0,0],"17":[0,0],"18":[0,0],"19":[0,0],"20":[0,0],"21":[0,0],"22":[0,0],"23":[0,0],"24":[0,0],"25":[0,0]},"_coverageSchema":"d34fc3e6b8297bcde183f5492bcb8fcb36775295","hash":"662a521e583bff116abf2489bfc536042e674c51","contentHash":"60568803f70dc2342f319b29c9ae08ab"},"/Users/laxmipriyadharshini/Documents/CMU /The Purpose/Implementation/Resources_impl/steel_smiling_project/models/post.js":{"path":"/Users/laxmipriyadharshini/Documents/CMU /The Purpose/Implementation/Resources_impl/steel_smiling_project/models/post.js","statementMap":{"0":{"start":{"line":1,"column":15},"end":{"line":1,"column":34}},"1":{"start":{"line":2,"column":14},"end":{"line":2,"column":29}},"2":{"start":{"line":4,"column":17},"end":{"line":17,"column":2}},"3":{"start":{"line":19,"column":11},"end":{"line":19,"column":44}},"4":{"start":{"line":20,"column":0},"end":{"line":20,"column":22}}},"fnMap":{},"branchMap":{},"s":{"0":1,"1":1,"2":1,"3":1,"4":1},"f":{},"b":{},"_coverageSchema":"d34fc3e6b8297bcde183f5492bcb8fcb36775295","hash":"3d14cac753d9dd9594f91f66e466420469b07753","contentHash":"aebb06827d1d93f972cd6b4157b7643e"},"/Users/laxmipriyadharshini/Documents/CMU /The Purpose/Implementation/Resources_impl/steel_smiling_project/models/message.js":{"path":"/Users/laxmipriyadharshini/Documents/CMU /The Purpose/Implementation/Resources_impl/steel_smiling_project/models/message.js","statementMap":{"0":{"start":{"line":1,"column":15},"end":{"line":1,"column":34}},"1":{"start":{"line":2,"column":13},"end":{"line":2,"column":28}},"2":{"start":{"line":4,"column":17},"end":{"line":9,"column":2}},"3":{"start":{"line":11,"column":11},"end":{"line":11,"column":44}},"4":{"start":{"line":12,"column":0},"end":{"line":12,"column":22}}},"fnMap":{},"branchMap":{},"s":{"0":1,"1":1,"2":1,"3":1,"4":1},"f":{},"b":{},"_coverageSchema":"d34fc3e6b8297bcde183f5492bcb8fcb36775295","hash":"39e4f428ba7d9975388bd65cf18b46d0d8f0f4dd","contentHash":"563a751d6fa6ed79bc5dc606df1a9d2d"},"/Users/laxmipriyadharshini/Documents/CMU /The Purpose/Implementation/Resources_impl/steel_smiling_project/routes/search.js":{"path":"/Users/laxmipriyadharshini/Documents/CMU /The Purpose/Implementation/Resources_impl/steel_smiling_project/routes/search.js","statementMap":{"0":{"start":{"line":1,"column":14},"end":{"line":1,"column":32}},"1":{"start":{"line":2,"column":13},"end":{"line":2,"column":29}},"2":{"start":{"line":4,"column":17},"end":{"line":4,"column":53}},"3":{"start":{"line":5,"column":11},"end":{"line":5,"column":36}},"4":{"start":{"line":7,"column":0},"end":{"line":9,"column":3}},"5":{"start":{"line":8,"column":1},"end":{"line":8,"column":94}},"6":{"start":{"line":11,"column":0},"end":{"line":30,"column":3}},"7":{"start":{"line":13,"column":12},"end":{"line":13,"column":26}},"8":{"start":{"line":15,"column":1},"end":{"line":26,"column":4}},"9":{"start":{"line":16,"column":4},"end":{"line":18,"column":7}},"10":{"start":{"line":17,"column":5},"end":{"line":17,"column":24}},"11":{"start":{"line":20,"column":4},"end":{"line":24,"column":5}},"12":{"start":{"line":21,"column":6},"end":{"line":21,"column":22}},"13":{"start":{"line":23,"column":5},"end":{"line":23,"column":18}},"14":{"start":{"line":32,"column":0},"end":{"line":32,"column":24}}},"fnMap":{"0":{"name":"(anonymous_0)","decl":{"start":{"line":7,"column":42},"end":{"line":7,"column":43}},"loc":{"start":{"line":7,"column":64},"end":{"line":9,"column":1}},"line":7},"1":{"name":"(anonymous_1)","decl":{"start":{"line":11,"column":23},"end":{"line":11,"column":24}},"loc":{"start":{"line":11,"column":45},"end":{"line":30,"column":1}},"line":11},"2":{"name":"(anonymous_2)","decl":{"start":{"line":15,"column":122},"end":{"line":15,"column":123}},"loc":{"start":{"line":15,"column":142},"end":{"line":26,"column":2}},"line":15},"3":{"name":"(anonymous_3)","decl":{"start":{"line":16,"column"
[...]
type":"if","locations":[{"start":{"line":63,"column":4},"end":{"line":130,"column":2}},{"start":{"line":63,"column":4},"end":{"line":130,"column":2}}],"line":63},"2":{"loc":{"start":{"line":73,"column":20},"end":{"line":73,"column":85}},"type":"if","locations":[{"start":{"line":73,"column":20},"end":{"line":73,"column":85}},{"start":{"line":73,"column":20},"end":{"line":73,"column":85}}],"line":73},"3":{"loc":{"start":{"line":74,"column":20},"end":{"line":74,"column":51}},"type":"if","locations":[{"start":{"line":74,"column":20},"end":{"line":74,"column":51}},{"start":{"line":74,"column":20},"end":{"line":74,"column":51}}],"line":74},"4":{"loc":{"start":{"line":91,"column":24},"end":{"line":91,"column":89}},"type":"if","locations":[{"start":{"line":91,"column":24},"end":{"line":91,"column":89}},{"start":{"line":91,"column":24},"end":{"line":91,"column":89}}],"line":91},"5":{"loc":{"start":{"line":92,"column":24},"end":{"line":92,"column":91}},"type":"if","locations":[{"start":{"line":92,"column":24},"end":{"line":92,"column":91}},{"start":{"line":92,"column":24},"end":{"line":92,"column":91}}],"line":92},"6":{"loc":{"start":{"line":107,"column":20},"end":{"line":107,"column":85}},"type":"if","locations":[{"start":{"line":107,"column":20},"end":{"line":107,"column":85}},{"start":{"line":107,"column":20},"end":{"line":107,"column":85}}],"line":107},"7":{"loc":{"start":{"line":108,"column":20},"end":{"line":108,"column":51}},"type":"if","locations":[{"start":{"line":108,"column":20},"end":{"line":108,"column":51}},{"start":{"line":108,"column":20},"end":{"line":108,"column":51}}],"line":108},"8":{"loc":{"start":{"line":124,"column":24},"end":{"line":124,"column":89}},"type":"if","locations":[{"start":{"line":124,"column":24},"end":{"line":124,"column":89}},{"start":{"line":124,"column":24},"end":{"line":124,"column":89}}],"line":124},"9":{"loc":{"start":{"line":125,"column":24},"end":{"line":125,"column":91}},"type":"if","locations":[{"start":{"line":125,"column":24},"end":{"line":125,"column":91}},{"start":{"line":125,"column":24},"end":{"line":125,"column":91}}],"line":125},"10":{"loc":{"start":{"line":142,"column":12},"end":{"line":194,"column":13}},"type":"if","locations":[{"start":{"line":142,"column":12},"end":{"line":194,"column":13}},{"start":{"line":142,"column":12},"end":{"line":194,"column":13}}],"line":142},"11":{"loc":{"start":{"line":159,"column":28},"end":{"line":159,"column":62}},"type":"if","locations":[{"start":{"line":159,"column":28},"end":{"line":159,"column":62}},{"start":{"line":159,"column":28},"end":{"line":159,"column":62}}],"line":159},"12":{"loc":{"start":{"line":160,"column":28},"end":{"line":167,"column":29}},"type":"if","locations":[{"start":{"line":160,"column":28},"end":{"line":167,"column":29}},{"start":{"line":160,"column":28},"end":{"line":167,"column":29}}],"line":160},"13":{"loc":{"start":{"line":164,"column":36},"end":{"line":164,"column":70}},"type":"if","locations":[{"start":{"line":164,"column":36},"end":{"line":164,"column":70}},{"start":{"line":164,"column":36},"end":{"line":164,"column":70}}],"line":164},"14":{"loc":{"start":{"line":165,"column":36},"end":{"line":165,"column":80}},"type":"if","locations":[{"start":{"line":165,"column":36},"end":{"line":165,"column":80}},{"start":{"line":165,"column":36},"end":{"line":165,"column":80}}],"line":165},"15":{"loc":{"start":{"line":180,"column":28},"end":{"line":180,"column":62}},"type":"if","locations":[{"start":{"line":180,"column":28},"end":{"line":180,"column":62}},{"start":{"line":180,"column":28},"end":{"line":180,"column":62}}],"line":180},"16":{"loc":{"start":{"line":181,"column":28},"end":{"line":188,"column":29}},"type":"if","locations":[{"start":{"line":181,"column":28},"end":{"line":188,"column":29}},{"start":{"line":181,"column":28},"end":{"line":188,"column":29}}],"line":181},"17":{"loc":{"start":{"line":185,"column":36},"end":{"line":185,"column":69}},"type":"if","locations":[{"start":{"line":185,"column":36},"end":{"line":185,"column":69}},{"start":{"line":185,"column":36},"end":{"line":185,"column":69}}],"line":185},"18":{"loc":{"start":{"line":186,"column":36},"end":{"line":186,"column":81}},"type":"if","locations":[{"start":{"line":186,"column":36},"end":{"line":186,"column":81}},{"start":{"line":186,"column":36},"end":{"line":186,"column":81}}],"line":186},"19":{"loc":{"start":{"line":205,"column":1},"end":{"line":207,"column":2}},"type":"if","locations":[{"start":{"line":205,"column":1},"end":{"line":207,"column":2}},{"start":{"line":205,"column":1},"end":{"line":207,"column":2}}],"line":205},"20":{"loc":{"start":{"line":213,"column":6},"end":{"line":213,"column":40}},"type":"if","locations":[{"start":{"line":213,"column":6},"end":{"line":213,"column":40}},{"start":{"line":213,"column":6},"end":{"line":213,"column":40}}],"line":213}},"s":{"0":1,"1":1,"2":1,"3":1,"4":1,"5":1,"6":1,"7":1,"8":3,"9":3,"10":1,"11":3,"12":3,"13":5,"14":3,"15":0,"16":3,"17":1,"18":1,"19":1,"20":1,"21":1,"22":0,"23":0,"24":0,"25":1,"26":0,"27":0,"28":0,"29":0,"30":0,"31":0,"32":0,"33":0,"34":0,"35":0,"36":0,"37":0,"38":0,"39":0,"40":0,"41":0,"42":0,"43":0,"44":0,"45":0,"46":0,"47":0,"48":0,"49":0,"50":0,"51":0,"52":0,"53":0,"54":0,"55":0,"56":0,"57":0,"58":0,"59":0,"60":0,"61":1,"62":0,"63":0,"64":0,"65":0,"66":0,"67":0,"68":0,"69":0,"70":0,"71":0,"72":0,"73":0,"74":0,"75":0,"76":0,"77":0,"78":0,"79":0,"80":0,"81":0,"82":0,"83":0,"84":0,"85":0,"86":0,"87":0,"88":0,"89":0,"90":0,"91":0,"92":0,"93":0,"94":1,"95":0,"96":0,"97":0,"98":0,"99":0,"100":0,"101":0,"102":0,"103":0,"104":1},"f":{"0":3,"1":3,"2":3,"3":5,"4":0,"5":0,"6":0,"7":0,"8":0,"9":0,"10":0,"11":0,"12":0,"13":0,"14":0,"15":0,"16":0,"17":0,"18":0,"19":0,"20":0,"21":0,"22":0,"23":0,"24":0,"25":0,"26":0,"27":0,"28":0,"29":0,"30":0,"31":0,"32":0},"b":{"0":[0,3],"1":[0,0],"2":[0,0],"3":[0,0],"4":[0,0],"5":[0,0],"6":[0,0],"7":[0,0],"8":[0,0],"9":[0,0],"10":[0,0],"11":[0,0],"12":[0,0],"13":[0,0],"14":[0,0],"15":[0,0],"16":[0,0],"17":[0,0],"18":[0,0],"19":[0,0],"20":[0,0]},"_coverageSchema":"d34fc3e6b8297bcde183f5492bcb8fcb36775295","hash":"b67e6cc2f16f74f299efb377b6b085b3111d3d74","contentHash":"61d29c40739b2795c11c8df85d17fd7a"},"/Users/laxmipriyadharshini/Documents/CMU /The Purpose/Implementation/Resources_impl/steel_smiling_project/routes/chat.js":{"path":"/Users/laxmipriyadharshini/Documents/CMU /The Purpose/Implementation/Resources_impl/steel_smiling_project/routes/chat.js","statementMap":{"0":{"start":{"line":1,"column":14},"end":{"line":1,"column":32}},"1":{"start":{"line":2,"column":13},"end":{"line":2,"column":29}},"2":{"start":{"line":4,"column":11},"end":{"line":4,"column":36}},"3":{"start":{"line":5,"column":14},"end":{"line":5,"column":42}},"4":{"start":{"line":7,"column":0},"end":{"line":13,"column":3}},"5":{"start":{"line":8,"column":1},"end":{"line":11,"column":4}},"6":{"start":{"line":9,"column":2},"end":{"line":9,"column":20}},"7":{"start":{"line":9,"column":10},"end":{"line":9,"column":20}},"8":{"start":{"line":10,"column":2},"end":{"line":10,"column":92}},"9":{"start":{"line":10,"column":11},"end":{"line":10,"column":92}},"10":{"start":{"line":15,"column":0},"end":{"line":34,"column":3}},"11":{"start":{"line":17,"column":1},"end":{"line":19,"column":2}},"12":{"start":{"line":18,"column":2},"end":{"line":18,"column":74}},"13":{"start":{"line":21,"column":1},"end":{"line":23,"column":2}},"14":{"start":{"line":22,"column":2},"end":{"line":22,"column":68}},"15":{"start":{"line":27,"column":18},"end":{"line":27,"column":31}},"16":{"start":{"line":28,"column":2},"end":{"line":28,"column":40}},"17":{"start":{"line":29,"column":2},"end":{"line":29,"column":42}},"18":{"start":{"line":30,"column":2},"end":{"line":30,"column":38}},"19":{"start":{"line":31,"column":2},"end":{"line":33,"column":5}},"20":{"start":{"line":32,"column":3},"end":{"line":32,"column":38}},"21":{"start":{"line":36,"column":0},"end":{"line":49,"column":3}},"22":{"start":{"line":38,"column":1},"end":{"line":47,"column":3}},"23":{"start":{"line":45,"column":3},"end":{"line":45,"column":38}},"24":{"start":{"line":51,"column":0},"end":{"line":51,"column":24}}},"fnMap":{"0":{"name":"(anonymous_0)","decl":{"start":{"line":7,"column":23},"end":{"line":7,"column":24}},"loc":{"start":{"line":7,"column":45},"end":{"line":13,"column":1}},"line":7},"1":{"name":"(anonymous_1)","decl":{"start":{"line":8,"column":38},"end":{"line":8,"column":39}},"loc":{"start":{"line":8,"column":52},"end":{"line":11,"column":2}},"line":8},"2":{"name":"(anonymous_2)","decl":{"start":{"line":15,"column":20},"end":{"line":15,"column":21}},"loc":{"start":{"line":15,"column":42},"end":{"line":34,"column":1}},"line":15},"3":{"name":"(anonymous_3)","decl":{"start":{"line":31,"column":18},"end":{"line":31,"column":19}},"loc":{"start":{"line":31,"column":32},"end":{"line":33,"column":3}},"line":31},"4":{"name":"(anonymous_4)","decl":{"start":{"line":36,"column":26},"end":{"line":36,"column":27}},"loc":{"start":{"line":36,"column":43},"end":{"line":49,"column":1}},"line":36},"5":{"name":"(anonymous_5)","decl":{"start":{"line":44,"column":2},"end":{"line":44,"column":3}},"loc":{"start":{"line":44,"column":16},"end":{"line":46,"column":3}},"line":44}},"branchMap":{"0":{"loc":{"start":{"line":9,"column":2},"end":{"line":9,"column":20}},"type":"if","locations":[{"start":{"line":9,"column":2},"end":{"line":9,"column":20}},{"start":{"line":9,"column":2},"end":{"line":9,"column":20}}],"line":9},"1":{"loc":{"start":{"line":10,"column":2},"end":{"line":10,"column":92}},"type":"if","locations":[{"start":{"line":10,"column":2},"end":{"line":10,"column":92}},{"start":{"line":10,"column":2},"end":{"line":10,"column":92}}],"line":10},"2":{"loc":{"start":{"line":17,"column":1},"end":{"line":19,"column":2}},"type":"if","locations":[{"start":{"line":17,"column":1},"end":{"line":19,"column":2}},{"start":{"line":17,"column":1},"end":{"line":19,"column":2}}],"line":17},"3":{"loc":{"start":{"line":21,"column":1},"end":{"line":23,"column":2}},"type":"if","locations":[{"start":{"line":21,"column":1},"end":{"line":23,"column":2}},{"start":{"line":21,"column":1},"end":{"line":23,"column":2}}],"line":21}},"s":{"0":1,"1":1,"2":1,"3":1,"4":1,"5":0,"6":0,"7":0,"8":0,"9":0,"10":1,"11":0,"12":0,"13":0,"14":0,"15":0,"16":0,"17":0,"18":0,"19":0,"20":0,"21":1,"22":0,"23":0,"24":1},"f":{"0":0,"1":0,"2":0,"3":0,"4":0,"5":0},"b":{"0":[0,0],"1":[0,0],"2":[0,0],"3":[0,0]},"_coverageSchema":"d34fc3e6b8297bcde183f5492bcb8fcb36775295","hash":"a621775592623c32e48fb3130f332e192f7666f6","contentHash":"1794058297cacd653def1271c5d8dccf"},"/Users/laxmipriyadharshini/Documents/CMU /The Purpose/Implementation/Resources_impl/steel_smiling_project/routes/resource.js":{"path":"/Users/laxmipriyadharshini/Documents/CMU /The Purpose/Implementation/Resources_impl/steel_smiling_project/routes/resource.js","statementMap":{"0":{"start":{"line":1,"column":14},"end":{"line":1,"column":32}},"1":{"start":{"line":2,"column":13},"end":{"line":2,"column":29}},"2":{"start":{"line":3,"column":12},"end":{"line":3,"column":28}},"3":{"start":{"line":4,"column":11},"end":{"line":4,"column":26}},"4":{"start":{"line":5,"column":15},"end":{"line":5,"column":34}},"5":{"start":{"line":6,"column":17},"end":{"line":6,"column":38}},"6":{"start":{"line":7,"column":11},"end":{"line":7,"column":36}},"7":{"start":{"line":8,"column":15},"end":{"line":8,"column":44}},"8":{"start":{"line":9,"column":11},"end":{"line":9,"column":34}},"9":{"start":{"line":10,"column":0},"end":{"line":30,"column":3}},"10":{"start":{"line":13,"column":4},"end":{"line":29,"column":7}},"11":{"start":{"line":14,"column":8},"end":{"line":14,"column":26}},"12":{"start":{"line":14,"column":16},"end":{"line":14,"column":26}},"13":{"start":{"line":15,"column":8},"end":{"line":28,"column":9}},"14":{"start":{"line":17,"column":12},"end":{"line":24,"column":19}},"15":{"start":{"line":19,"column":20},"end":{"line":19,"column":38}},"16":{"start":{"line":20,"column":20},"end":{"line":20,"column":120}},"17":{"start":{"line":23,"column":20},"end":{"line":23,"column":30}},"18":{"start":{"line":27,"column":12},"end":{"line":27,"column":23}},"19":{"start":{"line":32,"column":0},"end":{"line":55,"column":3}},"20":{"start":{"line":34,"column":15},"end":{"line":34,"column":28}},"21":{"start":{"line":35,"column":22},"end":{"line":35,"column":42}},"22":{"start":{"line":36,"column":18},"end":{"line":36,"column":35}},"23":{"start":{"line":38,"column":4},"end":{"line":51,"column":7}},"24":{"start":{"line":40,"column":30},"end":{"line":40,"column":44}},"25":{"start":{"line":41,"column":12},"end":{"line":41,"column":42}},"26":{"start":{"line":42,"column":12},"end":{"line":42,"column":50}},"27":{"start":{"line":43,"column":12},"end":{"line":43,"column":36}},"28":{"start":{"line":45,"column":12},"end":{"line":49,"column":15}},"29":{"start":{"line":46,"column":16},"end":{"line":46,"column":81}},"30":{"start":{"line":46,"column":25},"end":{"line":46,"column":81}},"31":{"start":{"line":47,"column":16},"end":{"line":47,"column":47}},"32":{"start":{"line":47,"column":26},"end":{"line":47,"column":47}},"33":{"start":{"line":48,"column":16},"end":{"line":48,"column":34}},"34":{"start":{"line":58,"column":0},"end":{"line":58,"column":22}}},"fnMap":{"0":{"name":"(anonymous_0)","decl":{"start":{"line":12,"column":23},"end":{"line":12,"column":24}},"loc":{"start":{"line":12,"column":45},"end":{"line":30,"column":1}},"line":12},"1":{"name":"(anonymous_1)","decl":{"start":{"line":13,"column":41},"end":{"line":13,"column":42}},"loc":{"start":{"line":13,"column":55},"end":{"line":29,"column":5}},"line":13},"2":{"name":"(anonymous_2)","decl":{"start":{"line":18,"column":22},"end":{"line":18,"column":23}},"loc":{"start":{"line":18,"column":36},"end":{"line":21,"column":17}},"line":18},"3":{"name":"(anonymous_3)","decl":{"start":{"line":22,"column":23},"end":{"line":22,"column":24}},"loc":{"start":{"line":22,"column":36},"end":{"line":24,"column":17}},"line":22},"4":{"name":"(anonymous_4)","decl":{"start":{"line":32,"column":28},"end":{"line":32,"column":29}},"loc":{"start":{"line":32,"column":51},"end":{"line":55,"column":1}},"line":32},"5":{"name":"(anonymous_5)","decl":{"start":{"line":39,"column":8},"end":{"line":39,"column":9}},"loc":{"start":{"line":39,"column":28},"end":{"line":50,"column":9}},"line":39},"6":{"name":"(anonymous_6)","decl":{"start":{"line":45,"column":29},"end":{"line":45,"column":30}},"loc":{"start":{"line":45,"column":44},"end":{"line":49,"column":13}},"line":45}},"branchMap":{"0":{"loc":{"start":{"line":14,"column":8},"end":{"line":14,"column":26}},"type":"if","locations":[{"start":{"line":14,"column":8},"end":{"line":14,"column":26}},{"start":{"line":14,"column":8},"end":{"line":14,"column":26}}],"line":14},"1":{"loc":{"start":{"line":15,"column":8},"end":{"line":28,"column":9}},"type":"if","locations":[{"start":{"line":15,"column":8},"end":{"line":28,"column":9}},{"start":{"line":15,"column":8},"end":{"line":28,"column":9}}],"line":15},"2":{"loc":{"start":{"line":46,"column":16},"end":{"line":46,"column":81}},"type":"if","locations":[{"start":{"line":46,"column":16},"end":{"line":46,"column":81}},{"start":{"line":46,"column":16},"end":{"line":46,"column":81}}],"line":46},"3":{"loc":{"start":{"line":47,"column":16},"end":{"line":47,"column":47}},"type":"if","locations":[{"start":{"line":47,"column":16},"end":{"line":47,"column":47}},{"start":{"line":47,"column":16},"end":{"line":47,"column":47}}],"line":47}},"s":{"0":1,"1":1,"2":1,"3":1,"4":1,"5":1,"6":1,"7":1,"8":1,"9":1,"10":0,"11":0,"12":0,"13":0,"14":0,"15":0,"16":0,"17":0,"18":0,"19":1,"20":0,"21":0,"22":0,"23":0,"24":0,"25":0,"26":0,"27":0,"28":0,"29":0,"30":0,"31":0,"32":0,"33":0,"34":1},"f":{"0":0,"1":0,"2":0,"3":0,"4":0,"5":0,"6":0},"b":{"0":[0,0],"1":[0,0],"2":[0,0],"3":[0,0]},"_coverageSchema":"d34fc3e6b8297bcde183f5492bcb8fcb36775295","hash":"19d56a08489e88cc5005762bbf0b7f0f1850cc51","contentHash":"add13280f5ba967cd49426878482ae6e"},"/Users/laxmipriyadharshini/Documents/CMU /The Purpose/Implementation/Resources_impl/steel_smiling_project/models/resource.js":{"path":"/Users/laxmipriyadharshini/Documents/CMU /The Purpose/Implementation/Resources_impl/steel_smiling_project/models/resource.js","statementMap":{"0":{"start":{"line":1,"column":15},"end":{"line":1,"column":34}},"1":{"start":{"line":2,"column":14},"end":{"line":2,"column":29}},"2":{"start":{"line":4,"column":21},"end":{"line":8,"column":2}},"3":{"start":{"line":10,"column":15},"end":{"line":10,"column":56}},"4":{"start":{"line":11,"column":0},"end":{"line":11,"column":26}}},"fnMap":{},"branchMap":{},"s":{"0":1,"1":1,"2":1,"3":1,"4":1},"f":{},"b":{},"_coverageSchema":"d34fc3e6b8297bcde183f5492bcb8fcb36775295","hash":"957ee2134601660598bde131c99befef229e7614","contentHash":"44bc4e38bb3fecaa24017a5f23656082"},"/Users/laxmipriyadharshini/Documents/CMU /The Purpose/Implementation/Resources_impl/steel_smiling_project/routes/resourceupload.js":{"path":"/Users/laxmipriyadharshini/Documents/CMU /The Purpose/Implementation/Resources_impl/steel_smiling_project/routes/resourceupload.js","statementMap":{"0":{"start":{"line":1,"column":14},"end":{"line":1,"column":32}},"1":{"start":{"line":2,"column":13},"end":{"line":2,"column":29}},"2":{"start":{"line":3,"column":12},"end":{"line":3,"column":28}},"3":{"start":{"line":4,"column":11},"end":{"line":4,"column":26}},"4":{"start":{"line":5,"column":15},"end":{"line":5,"column":34}},"5":{"start":{"line":6,"column":17},"end":{"line":6,"column":38}},"6":{"start":{"line":7,"column":11},"end":{"line":7,"column":36}},"7":{"start":{"line":8,"column":15},"end":{"line":8,"column":44}},"8":{"start":{"line":9,"column":11},"end":{"line":9,"column":34}},"9":{"start":{"line":10,"column":0},"end":{"line":30,"column":3}},"10":{"start":{"line":13,"column":4},"end":{"line":29,"column":7}},"11":{"start":{"line":14,"column":8},"end":{"line":14,"column":26}},"12":{"start":{"line":14,"column":16},"end":{"line":14,"column":26}},"13":{"start":{"line":15,"column":8},"end":{"line":28,"column":9}},"14":{"start":{"line":17,"column":12},"end":{"line":24,"column":19}},"15":{"start":{"line":19,"column":20},"end":{"line":19,"column":38}},"16":{"start":{"line":20,"column":20},"end":{"line":20,"column":126}},"17":{"start":{"line":23,"column":20},"end":{"line":23,"column":30}},"18":{"start":{"line":27,"column":12},"end":{"line":27,"column":23}},"19":{"start":{"line":33,"column":0},"end":{"line":33,"column":22}}},"fnMap":{"0":{"name":"(anonymous_0)","decl":{"start":{"line":12,"column":29},"end":{"line":12,"column":30}},"loc":{"start":{"line":12,"column":51},"end":{"line":30,"column":1}},"line":12},"1":{"name":"(anonymous_1)","decl":{"start":{"line":13,"column":41},"end":{"line":13,"column":42}},"loc":{"start":{"line":13,"column":55},"end":{"line":29,"column":5}},"line":13},"2":{"name":"(anonymous_2)","decl":{"start":{"line":18,"column":22},"end":{"line":18,"column":23}},"loc":{"start":{"line":18,"column":36},"end":{"line":21,"column":17}},"line":18},"3":{"name":"(anonymous_3)","decl":{"start":{"line":22,"column":23},"end":{"line":22,"column":24}},"loc":{"start":{"line":22,"column":36},"end":{"line":24,"column":17}},"line":22}},"branchMap":{"0":{"loc":{"start":{"line":14,"column":8},"end":{"line":14,"column":26}},"type":"if","locations":[{"start":{"line":14,"column":8},"end":{"line":14,"column":26}},{"start":{"line":14,"column":8},"end":{"line":14,"column":26}}],"line":14},"1":{"loc":{"start":{"line":15,"column":8},"end":{"line":28,"column":9}},"type":"if","locations":[{"start":{"line":15,"column":8},"end":{"line":28,"column":9}},{"start":{"line":15,"column":8},"end":{"line":28,"column":9}}],"line":15}},"s":{"0":1,"1":1,"2":1,"3":1,"4":1,"5":1,"6":1,"7":1,"8":1,"9":1,"10":0,"11":0,"12":0,"13":0,"14":0,"15":0,"16":0,"17":0,"18":0,"19":1},"f":{"0":0,"1":0,"2":0,"3":0},"b":{"0":[0,0],"1":[0,0]},"_coverageSchema":"d34fc3e6b8297bcde183f5492bcb8fcb36775295","hash":"e1e1a9df6fcad43d30663482fcc82b1fda53204b","contentHash":"0be3485cea077fee7a903ebc7f52aeae"}}